2026-07-02 17:11:08,955{GMT}	INFO	[jepsen test runner] jepsen.core: Test version bcf8eb3df7bb3440e42e580444d6626a382ff338 (plus uncommitted changes)
2026-07-02 17:11:08,957{GMT}	INFO	[jepsen test runner] jepsen.core: Command line:
lein run test --existing-postgres --nodes 127.0.0.1 --workload kv-predicate --time-limit 60 --concurrency 4 --rate 20 --postgres-user tpcc_user --postgres-password 12345678 --postgres-port 5432 --postgres-sslmode disable --isolation read-uncommitted --expected-consistency-model read-uncommitted --mop-delay 0 --key-count 10 --max-txn-length 4 --max-writes-per-key 64 --predicate-group-count 4 --txn-limit 100
2026-07-02 17:11:09,090{GMT}	INFO	[jepsen test runner] jepsen.core: Running test:
{:remote
 #jepsen.control.retry.Remote{:remote #jepsen.control.scp.Remote{:cmd-remote #jepsen.control.sshj.SSHJRemote{:concurrency-limit 6,
                                                                                                             :conn-spec nil,
                                                                                                             :client nil,
                                                                                                             :semaphore nil},
                                                                 :conn-spec nil},
                              :conn nil}
 :postgres-user "tpcc_user"
 :postgres-sslmode "disable"
 :max-txn-length 4
 :isolation :read-uncommitted
 :concurrency 4
 :wfr-keys? true
 :key-count 10
 :existing-postgres true
 :db
 #object[jepsen.db$reify__13854 "0x5c648e38" "jepsen.db$reify__13854@5c648e38"]
 :max-writes-per-key 64
 :expected-consistency-model :read-uncommitted
 :leave-db-running? false
 :postgres-password "12345678"
 :key-dist :exponential
 :name "postgres kv-predicate RU (RU)"
 :logging-json? false
 :start-time
 #object[org.joda.time.DateTime "0x6bc8d8bd" "2026-07-02T17:11:08.909+08:00"]
 :nemesis-interval 5
 :net
 #object[jepsen.net$iptables_with_dev$reify__14120
         "0x395c21ee"
         "jepsen.net$iptables_with_dev$reify__14120@395c21ee"]
 :client
 #jepsen.sql.client.ClientWrapper{:client #jepsen.sql.workload.kv_predicate.Client{:node nil},
                                  :open #object[jepsen.postgres.client$open
                                                "0x1e733bb5"
                                                "jepsen.postgres.client$open@1e733bb5"],
                                  :error-fn #object[jepsen.postgres.client$error_fn
                                                    "0x669e730d"
                                                    "jepsen.postgres.client$error_fn@669e730d"],
                                  :conn nil}
 :barrier
 #object[java.util.concurrent.CyclicBarrier
         "0x4b3e4253"
         "java.util.concurrent.CyclicBarrier@4b3e4253"]
 :linearizable-keys? false
 :ssh {:dummy? true}
 :rate 20
 :encodings
 (:character :character-varying :decimal :double-precision :integer :text)
 :checker
 #jepsen.checker.Compose{:checkers {:perf #jepsen.checker.Compose{:checkers {:latency-graph #jepsen.checker.LatencyGraph{:opts {:nemeses nil}},
                                                                             :rate-graph #jepsen.checker.RateGraph{:opts {:nemeses nil}}}},
                                    :clock #jepsen.checker.ClockPlot{},
                                    :stats #jepsen.checker.Stats{},
                                    :exceptions #jepsen.checker.UnhandledExceptions{},
                                    :workload #jepsen.checker.Compose{:checkers {:closed-predicate #jepsen.sql.workload.kv_predicate.ClosedPredicateChecker{:opts {:consistency-models [:read-uncommitted],
                                                                                                                                                                   :additional-graphs [#object[jepsen.sql.workload.kv_predicate$w_ww_graph
                                                                                                                                                                                               "0x13b5598b"
                                                                                                                                                                                               "jepsen.sql.workload.kv_predicate$w_ww_graph@13b5598b"]]}},
                                                                                 :critical #jepsen.sql.checker.CriticalChecker{},
                                                                                 :missing-table-column #jepsen.sql.checker.MissingTableColumnChecker{}}}}}
 :sequential-keys? false
 :indirection? false
 :argv
 ("test"
  "--existing-postgres"
  "--nodes"
  "127.0.0.1"
  "--workload"
  "kv-predicate"
  "--time-limit"
  "60"
  "--concurrency"
  "4"
  "--rate"
  "20"
  "--postgres-user"
  "tpcc_user"
  "--postgres-password"
  "12345678"
  "--postgres-port"
  "5432"
  "--postgres-sslmode"
  "disable"
  "--isolation"
  "read-uncommitted"
  "--expected-consistency-model"
  "read-uncommitted"
  "--mop-delay"
  "0"
  "--key-count"
  "10"
  "--max-txn-length"
  "4"
  "--max-writes-per-key"
  "64"
  "--predicate-group-count"
  "4"
  "--txn-limit"
  "100")
 :nemesis #unprintable "jepsen.nemesis$reify__14243@141c66db"
 :nodes ["127.0.0.1"]
 :test-count 1
 :generator
 #object[jepsen.util.Forgettable
         "0x363e2009"
         (jepsen.generator.Synchronize
          {:gen (jepsen.generator.TimeLimit
                 {:limit 60000000000,
                  :cutoff nil,
                  :gen (jepsen.generator.OnThreads
                        {:f #jepsen.generator.context.AllBut{:element :nemesis},
                         :context-filter #object[jepsen.generator.context$make_thread_filter$lazy_filter__4292
                                                 "0xae5d544"
                                                 "jepsen.generator.context$make_thread_filter$lazy_filter__4292@ae5d544"],
                         :gen (jepsen.generator.Stagger
                               {:dt 100000000,
                                :next-time nil,
                                :gen ((jepsen.generator.Synchronize
                                       {:gen (jepsen.generator.Limit
                                              {:remaining 1,
                                               :gen {:type :invoke,
                                                     :process 0,
                                                     :f :init,
                                                     :value {0 0,
                                                             1 1,
                                                             2 2,
                                                             3 3,
                                                             4 4,
                                                             5 5,
                                                             6 6,
                                                             7 7,
                                                             ...}}})})
                                      (jepsen.generator.Synchronize
                                       {:gen (jepsen.generator.Limit
                                              {:remaining 100,
                                               :gen ({:type :invoke,
                                                      :f :txn,
                                                      :value [[:rp [:= 6] nil]
                                                              [:r 9 nil]]}
                                                     {:type :invoke,
                                                      :f :txn,
                                                      :value [[:w 7 10]
                                                              [:rp :true nil]
                                                              [:r 9 nil]
                                                              [:w 9 11]]}
                                                     {:type :invoke,
                                                      :f :txn,
                                                      :value [[:w 8 12]
                                                              [:r 9 nil]]}
                                                     {:type :invoke,
                                                      :f :txn,
                                                      :value [[:w 9 13]
                                                              [:rp :true nil]
                                                              [:w 9 14]]}
                                                     {:type :invoke,
                                                      :f :txn,
                                                      :value [[:rp :true nil]]}
                                                     {:type :invoke,
                                                      :f :txn,
                                                      :value [[:r 9 nil]]}
                                                     {:type :invoke,
                                                      :f :txn,
                                                      :value [[:rp
                                                               [:mod 4 1]
                                                               nil]
                                                              [:r 8 nil]
                                                              [:w 9 15]
                                                              [:rp :true nil]]}
                                                     {:type :invoke,
                                                      :f :txn,
                                                      :value [[:w 9 16]
                                                              [:w 7 17]]}
                                                     ...)})}))})})})})]
 :postgres-port 5432
 :mop-delay 0
 :key-types [:primary :secondary]
 :predicate-group-count 4
 :os
 #object[jepsen.os$reify__14540 "0x2b98c310" "jepsen.os$reify__14540@2b98c310"]
 :time-limit 60
 :version "0.16.0"
 :savepoints true
 :workload :kv-predicate
 :txn-limit 100
 :upsert-types [:update-insert-update :copy-on-write :on-conflict]}

2026-07-02 17:11:10,938{GMT}	INFO	[jepsen test runner] jepsen.db: Tearing down DB
2026-07-02 17:11:10,940{GMT}	INFO	[jepsen test runner] jepsen.db: Setting up DB
2026-07-02 17:11:10,942{GMT}	INFO	[jepsen test runner] jepsen.core: Relative time begins now
2026-07-02 17:11:11,133{GMT}	INFO	[jepsen worker 0] jepsen.print: 0	:invoke	:init	{0 0, 1 1, 2 2, 3 3, 4 4, 5 5, 6 6, 7 7, 8 8, 9 9}
2026-07-02 17:11:11,173{GMT}	INFO	[jepsen worker 0] jepsen.print: 0	:ok	:init	{0 0, 1 1, 2 2, 3 3, 4 4, 5 5, 6 6, 7 7, 8 8, 9 9}
2026-07-02 17:11:11,173{GMT}	INFO	[jepsen worker 1] jepsen.print: 1	:invoke	:txn	[[:rp [:= 6] nil] [:r 9 nil]]
2026-07-02 17:11:11,203{GMT}	INFO	[jepsen worker 1] jepsen.print: 1	:ok	:txn	[[:rp [:= 6] {6 6}] [:r 9 9]]
2026-07-02 17:11:11,260{GMT}	INFO	[jepsen worker 2] jepsen.print: 2	:invoke	:txn	[[:w 7 10] [:rp :true nil] [:r 9 nil] [:w 9 11]]
2026-07-02 17:11:11,273{GMT}	INFO	[jepsen worker 3] jepsen.print: 3	:invoke	:txn	[[:w 8 12] [:r 9 nil]]
2026-07-02 17:11:11,286{GMT}	INFO	[jepsen worker 2] jepsen.print: 2	:ok	:txn	[[:w 7 10] [:rp :true {0 0, 1 1, 2 2, 3 3, 4 4, 5 5, 6 6, 7 10, 8 8, 9 9}] [:r 9 9] [:w 9 11]]
2026-07-02 17:11:11,300{GMT}	INFO	[jepsen worker 3] jepsen.print: 3	:ok	:txn	[[:w 8 12] [:r 9 11]]
2026-07-02 17:11:11,370{GMT}	INFO	[jepsen worker 0] jepsen.print: 0	:invoke	:txn	[[:w 9 13] [:rp :true nil] [:w 9 14]]
2026-07-02 17:11:11,376{GMT}	INFO	[jepsen worker 0] jepsen.print: 0	:ok	:txn	[[:w 9 13] [:rp :true {0 0, 1 1, 2 2, 3 3, 4 4, 5 5, 6 6, 7 10, 8 12, 9 13}] [:w 9 14]]
2026-07-02 17:11:11,420{GMT}	INFO	[jepsen worker 0] jepsen.print: 0	:invoke	:txn	[[:rp :true nil]]
2026-07-02 17:11:11,425{GMT}	INFO	[jepsen worker 0] jepsen.print: 0	:ok	:txn	[[:rp :true {0 0, 1 1, 2 2, 3 3, 4 4, 5 5, 6 6, 7 10, 8 12, 9 14}]]
2026-07-02 17:11:11,433{GMT}	INFO	[jepsen worker 1] jepsen.print: 1	:invoke	:txn	[[:r 9 nil]]
2026-07-02 17:11:11,436{GMT}	INFO	[jepsen worker 1] jepsen.print: 1	:ok	:txn	[[:r 9 14]]
2026-07-02 17:11:11,499{GMT}	INFO	[jepsen worker 2] jepsen.print: 2	:invoke	:txn	[[:rp [:mod 4 1] nil] [:r 8 nil] [:w 9 15] [:rp :true nil]]
2026-07-02 17:11:11,506{GMT}	INFO	[jepsen worker 2] jepsen.print: 2	:ok	:txn	[[:rp [:mod 4 1] {1 1, 5 5}] [:r 8 12] [:w 9 15] [:rp :true {0 0, 1 1, 2 2, 3 3, 4 4, 5 5, 6 6, 7 10, 8 12, 9 15}]]
2026-07-02 17:11:11,573{GMT}	INFO	[jepsen worker 3] jepsen.print: 3	:invoke	:txn	[[:w 9 16] [:w 7 17]]
2026-07-02 17:11:11,578{GMT}	INFO	[jepsen worker 3] jepsen.print: 3	:ok	:txn	[[:w 9 16] [:w 7 17]]
2026-07-02 17:11:11,633{GMT}	INFO	[jepsen worker 0] jepsen.print: 0	:invoke	:txn	[[:rp [:= 3] nil] [:w 7 18] [:w 7 19]]
2026-07-02 17:11:11,639{GMT}	INFO	[jepsen worker 0] jepsen.print: 0	:ok	:txn	[[:rp [:= 3] {3 3}] [:w 7 18] [:w 7 19]]
2026-07-02 17:11:11,642{GMT}	INFO	[jepsen worker 0] jepsen.print: 0	:invoke	:txn	[[:w 9 20] [:w 9 21] [:r 7 nil]]
2026-07-02 17:11:11,646{GMT}	INFO	[jepsen worker 0] jepsen.print: 0	:ok	:txn	[[:w 9 20] [:w 9 21] [:r 7 19]]
2026-07-02 17:11:11,660{GMT}	INFO	[jepsen worker 1] jepsen.print: 1	:invoke	:txn	[[:rp :true nil] [:w 9 22] [:w 8 23] [:r 9 nil]]
2026-07-02 17:11:11,669{GMT}	INFO	[jepsen worker 1] jepsen.print: 1	:ok	:txn	[[:rp :true {0 0, 1 1, 2 2, 3 3, 4 4, 5 5, 6 6, 7 19, 8 12, 9 21}] [:w 9 22] [:w 8 23] [:r 9 22]]
2026-07-02 17:11:11,691{GMT}	INFO	[jepsen worker 2] jepsen.print: 2	:invoke	:txn	[[:rp :true nil] [:w 9 24] [:rp [:mod 4 3] nil] [:rp :true nil]]
2026-07-02 17:11:11,698{GMT}	INFO	[jepsen worker 2] jepsen.print: 2	:ok	:txn	[[:rp :true {0 0, 1 1, 2 2, 3 3, 4 4, 5 5, 6 6, 7 19, 8 23, 9 22}] [:w 9 24] [:rp [:mod 4 3] {3 3, 7 19, 8 23}] [:rp :true {0 0, 1 1, 2 2, 3 3, 4 4, 5 5, 6 6, 7 19, 8 23, 9 24}]]
2026-07-02 17:11:11,746{GMT}	INFO	[jepsen worker 3] jepsen.print: 3	:invoke	:txn	[[:rp [:mod 4 3] nil] [:w 9 25]]
2026-07-02 17:11:11,751{GMT}	INFO	[jepsen worker 3] jepsen.print: 3	:ok	:txn	[[:rp [:mod 4 3] {3 3, 7 19, 8 23}] [:w 9 25]]
2026-07-02 17:11:11,763{GMT}	INFO	[jepsen worker 0] jepsen.print: 0	:invoke	:txn	[[:r 8 nil]]
2026-07-02 17:11:11,768{GMT}	INFO	[jepsen worker 1] jepsen.print: 1	:invoke	:txn	[[:rp [:= 20] nil] [:w 8 26] [:w 9 27]]
2026-07-02 17:11:11,769{GMT}	INFO	[jepsen worker 0] jepsen.print: 0	:ok	:txn	[[:r 8 23]]
2026-07-02 17:11:11,773{GMT}	INFO	[jepsen worker 1] jepsen.print: 1	:ok	:txn	[[:rp [:= 20] {}] [:w 8 26] [:w 9 27]]
2026-07-02 17:11:11,806{GMT}	INFO	[jepsen worker 1] jepsen.print: 1	:invoke	:txn	[[:r 9 nil]]
2026-07-02 17:11:11,810{GMT}	INFO	[jepsen worker 1] jepsen.print: 1	:ok	:txn	[[:r 9 27]]
2026-07-02 17:11:11,839{GMT}	INFO	[jepsen worker 2] jepsen.print: 2	:invoke	:txn	[[:r 3 nil] [:rp [:mod 4 1] nil] [:r 9 nil] [:r 8 nil]]
2026-07-02 17:11:11,845{GMT}	INFO	[jepsen worker 2] jepsen.print: 2	:ok	:txn	[[:r 3 3] [:rp [:mod 4 1] {1 1, 5 5}] [:r 9 27] [:r 8 26]]
2026-07-02 17:11:11,877{GMT}	INFO	[jepsen worker 3] jepsen.print: 3	:invoke	:txn	[[:w 9 28] [:w 8 29] [:r 7 nil] [:rp [:mod 4 0] nil]]
2026-07-02 17:11:11,884{GMT}	INFO	[jepsen worker 3] jepsen.print: 3	:ok	:txn	[[:w 9 28] [:w 8 29] [:r 7 19] [:rp [:mod 4 0] {0 0, 4 4, 9 28}]]
2026-07-02 17:11:11,954{GMT}	INFO	[jepsen worker 0] jepsen.print: 0	:invoke	:txn	[[:r 4 nil]]
2026-07-02 17:11:11,957{GMT}	INFO	[jepsen worker 0] jepsen.print: 0	:ok	:txn	[[:r 4 4]]
2026-07-02 17:11:12,035{GMT}	INFO	[jepsen worker 0] jepsen.print: 0	:invoke	:txn	[[:r 9 nil]]
2026-07-02 17:11:12,038{GMT}	INFO	[jepsen worker 0] jepsen.print: 0	:ok	:txn	[[:r 9 28]]
2026-07-02 17:11:12,081{GMT}	INFO	[jepsen worker 1] jepsen.print: 1	:invoke	:txn	[[:r 9 nil] [:r 9 nil]]
2026-07-02 17:11:12,084{GMT}	INFO	[jepsen worker 1] jepsen.print: 1	:ok	:txn	[[:r 9 28] [:r 9 28]]
2026-07-02 17:11:12,098{GMT}	INFO	[jepsen worker 2] jepsen.print: 2	:invoke	:txn	[[:rp :true nil] [:r 9 nil]]
2026-07-02 17:11:12,105{GMT}	INFO	[jepsen worker 2] jepsen.print: 2	:ok	:txn	[[:rp :true {0 0, 1 1, 2 2, 3 3, 4 4, 5 5, 6 6, 7 19, 8 29, 9 28}] [:r 9 28]]
2026-07-02 17:11:12,157{GMT}	INFO	[jepsen worker 3] jepsen.print: 3	:invoke	:txn	[[:r 7 nil] [:rp [:mod 4 0] nil]]
2026-07-02 17:11:12,161{GMT}	INFO	[jepsen worker 3] jepsen.print: 3	:ok	:txn	[[:r 7 19] [:rp [:mod 4 0] {0 0, 4 4, 9 28}]]
2026-07-02 17:11:12,203{GMT}	INFO	[jepsen worker 0] jepsen.print: 0	:invoke	:txn	[[:w 9 30] [:r 9 nil] [:r 7 nil]]
2026-07-02 17:11:12,207{GMT}	INFO	[jepsen worker 0] jepsen.print: 0	:ok	:txn	[[:w 9 30] [:r 9 30] [:r 7 19]]
2026-07-02 17:11:12,256{GMT}	INFO	[jepsen worker 0] jepsen.print: 0	:invoke	:txn	[[:rp [:= 6] nil] [:w 7 31] [:w 8 32] [:rp :true nil]]
2026-07-02 17:11:12,262{GMT}	INFO	[jepsen worker 0] jepsen.print: 0	:ok	:txn	[[:rp [:= 6] {6 6}] [:w 7 31] [:w 8 32] [:rp :true {0 0, 1 1, 2 2, 3 3, 4 4, 5 5, 6 6, 7 31, 8 32, 9 30}]]
2026-07-02 17:11:12,271{GMT}	INFO	[jepsen worker 1] jepsen.print: 1	:invoke	:txn	[[:r 9 nil] [:r 9 nil] [:rp [:= 20] nil] [:w 9 33]]
2026-07-02 17:11:12,276{GMT}	INFO	[jepsen worker 1] jepsen.print: 1	:ok	:txn	[[:r 9 30] [:r 9 30] [:rp [:= 20] {}] [:w 9 33]]
2026-07-02 17:11:12,292{GMT}	INFO	[jepsen worker 2] jepsen.print: 2	:invoke	:txn	[[:rp [:mod 4 1] nil] [:r 9 nil] [:w 9 34]]
2026-07-02 17:11:12,297{GMT}	INFO	[jepsen worker 2] jepsen.print: 2	:ok	:txn	[[:rp [:mod 4 1] {1 1, 5 5, 9 33}] [:r 9 33] [:w 9 34]]
2026-07-02 17:11:12,335{GMT}	INFO	[jepsen worker 3] jepsen.print: 3	:invoke	:txn	[[:w 9 35] [:w 9 36] [:w 9 37] [:w 9 38]]
2026-07-02 17:11:12,340{GMT}	INFO	[jepsen worker 3] jepsen.print: 3	:ok	:txn	[[:w 9 35] [:w 9 36] [:w 9 37] [:w 9 38]]
2026-07-02 17:11:12,376{GMT}	INFO	[jepsen worker 0] jepsen.print: 0	:invoke	:txn	[[:rp [:= 21] nil]]
2026-07-02 17:11:12,379{GMT}	INFO	[jepsen worker 0] jepsen.print: 0	:ok	:txn	[[:rp [:= 21] {}]]
2026-07-02 17:11:12,472{GMT}	INFO	[jepsen worker 0] jepsen.print: 0	:invoke	:txn	[[:r 8 nil] [:rp :true nil] [:rp [:= 17] nil] [:w 8 39]]
2026-07-02 17:11:12,477{GMT}	INFO	[jepsen worker 0] jepsen.print: 0	:ok	:txn	[[:r 8 32] [:rp :true {0 0, 1 1, 2 2, 3 3, 4 4, 5 5, 6 6, 7 31, 8 32, 9 38}] [:rp [:= 17] {}] [:w 8 39]]
2026-07-02 17:11:12,567{GMT}	INFO	[jepsen worker 1] jepsen.print: 1	:invoke	:txn	[[:rp :true nil] [:w 9 40]]
2026-07-02 17:11:12,571{GMT}	INFO	[jepsen worker 1] jepsen.print: 1	:ok	:txn	[[:rp :true {0 0, 1 1, 2 2, 3 3, 4 4, 5 5, 6 6, 7 31, 8 39, 9 38}] [:w 9 40]]
2026-07-02 17:11:12,613{GMT}	INFO	[jepsen worker 2] jepsen.print: 2	:invoke	:txn	[[:rp :true nil] [:r 8 nil] [:w 0 41] [:r 8 nil]]
2026-07-02 17:11:12,625{GMT}	INFO	[jepsen worker 2] jepsen.print: 2	:ok	:txn	[[:rp :true {0 0, 1 1, 2 2, 3 3, 4 4, 5 5, 6 6, 7 31, 8 39, 9 40}] [:r 8 39] [:w 0 41] [:r 8 39]]
2026-07-02 17:11:12,634{GMT}	INFO	[jepsen worker 3] jepsen.print: 3	:invoke	:txn	[[:w 9 42] [:rp :true nil] [:r 8 nil] [:w 8 43]]
2026-07-02 17:11:12,640{GMT}	INFO	[jepsen worker 3] jepsen.print: 3	:ok	:txn	[[:w 9 42] [:rp :true {0 41, 1 1, 2 2, 3 3, 4 4, 5 5, 6 6, 7 31, 8 39, 9 42}] [:r 8 39] [:w 8 43]]
2026-07-02 17:11:12,661{GMT}	INFO	[jepsen worker 0] jepsen.print: 0	:invoke	:txn	[[:r 5 nil] [:r 8 nil] [:w 6 44]]
2026-07-02 17:11:12,669{GMT}	INFO	[jepsen worker 0] jepsen.print: 0	:ok	:txn	[[:r 5 5] [:r 8 43] [:w 6 44]]
2026-07-02 17:11:12,747{GMT}	INFO	[jepsen worker 0] jepsen.print: 0	:invoke	:txn	[[:r 9 nil] [:r 8 nil] [:w 9 45]]
2026-07-02 17:11:12,752{GMT}	INFO	[jepsen worker 0] jepsen.print: 0	:ok	:txn	[[:r 9 42] [:r 8 43] [:w 9 45]]
2026-07-02 17:11:12,831{GMT}	INFO	[jepsen worker 1] jepsen.print: 1	:invoke	:txn	[[:w 8 46] [:r 8 nil]]
2026-07-02 17:11:12,835{GMT}	INFO	[jepsen worker 1] jepsen.print: 1	:ok	:txn	[[:w 8 46] [:r 8 46]]
2026-07-02 17:11:12,853{GMT}	INFO	[jepsen worker 2] jepsen.print: 2	:invoke	:txn	[[:w 8 47] [:r 6 nil] [:rp [:= 20] nil]]
2026-07-02 17:11:12,857{GMT}	INFO	[jepsen worker 2] jepsen.print: 2	:ok	:txn	[[:w 8 47] [:r 6 44] [:rp [:= 20] {}]]
2026-07-02 17:11:12,950{GMT}	INFO	[jepsen worker 3] jepsen.print: 3	:invoke	:txn	[[:r 8 nil] [:rp :true nil]]
2026-07-02 17:11:12,954{GMT}	INFO	[jepsen worker 3] jepsen.print: 3	:ok	:txn	[[:r 8 47] [:rp :true {0 41, 1 1, 2 2, 3 3, 4 4, 5 5, 6 44, 7 31, 8 47, 9 45}]]
2026-07-02 17:11:12,959{GMT}	INFO	[jepsen worker 0] jepsen.print: 0	:invoke	:txn	[[:rp :true nil]]
2026-07-02 17:11:12,962{GMT}	INFO	[jepsen worker 0] jepsen.print: 0	:ok	:txn	[[:rp :true {0 41, 1 1, 2 2, 3 3, 4 4, 5 5, 6 44, 7 31, 8 47, 9 45}]]
2026-07-02 17:11:12,986{GMT}	INFO	[jepsen worker 0] jepsen.print: 0	:invoke	:txn	[[:w 9 48] [:w 9 49] [:w 9 50] [:w 9 51]]
2026-07-02 17:11:12,991{GMT}	INFO	[jepsen worker 0] jepsen.print: 0	:ok	:txn	[[:w 9 48] [:w 9 49] [:w 9 50] [:w 9 51]]
2026-07-02 17:11:13,029{GMT}	INFO	[jepsen worker 1] jepsen.print: 1	:invoke	:txn	[[:rp [:= 22] nil]]
2026-07-02 17:11:13,032{GMT}	INFO	[jepsen worker 1] jepsen.print: 1	:ok	:txn	[[:rp [:= 22] {}]]
2026-07-02 17:11:13,127{GMT}	INFO	[jepsen worker 2] jepsen.print: 2	:invoke	:txn	[[:rp :true nil] [:r 9 nil] [:rp :true nil] [:r 8 nil]]
2026-07-02 17:11:13,132{GMT}	INFO	[jepsen worker 2] jepsen.print: 2	:ok	:txn	[[:rp :true {0 41, 1 1, 2 2, 3 3, 4 4, 5 5, 6 44, 7 31, 8 47, 9 51}] [:r 9 51] [:rp :true {0 41, 1 1, 2 2, 3 3, 4 4, 5 5, 6 44, 7 31, 8 47, 9 51}] [:r 8 47]]
2026-07-02 17:11:13,224{GMT}	INFO	[jepsen worker 3] jepsen.print: 3	:invoke	:txn	[[:rp [:= 12] nil] [:r 9 nil] [:rp :true nil]]
2026-07-02 17:11:13,228{GMT}	INFO	[jepsen worker 3] jepsen.print: 3	:ok	:txn	[[:rp [:= 12] {}] [:r 9 51] [:rp :true {0 41, 1 1, 2 2, 3 3, 4 4, 5 5, 6 44, 7 31, 8 47, 9 51}]]
2026-07-02 17:11:13,251{GMT}	INFO	[jepsen worker 0] jepsen.print: 0	:invoke	:txn	[[:w 8 52] [:rp [:mod 4 3] nil]]
2026-07-02 17:11:13,255{GMT}	INFO	[jepsen worker 0] jepsen.print: 0	:ok	:txn	[[:w 8 52] [:rp [:mod 4 3] {3 3, 7 31, 9 51}]]
2026-07-02 17:11:13,348{GMT}	INFO	[jepsen worker 0] jepsen.print: 0	:invoke	:txn	[[:w 8 53] [:r 9 nil] [:r 5 nil]]
2026-07-02 17:11:13,353{GMT}	INFO	[jepsen worker 0] jepsen.print: 0	:ok	:txn	[[:w 8 53] [:r 9 51] [:r 5 5]]
2026-07-02 17:11:13,415{GMT}	INFO	[jepsen worker 1] jepsen.print: 1	:invoke	:txn	[[:rp [:= 3] nil]]
2026-07-02 17:11:13,419{GMT}	INFO	[jepsen worker 1] jepsen.print: 1	:ok	:txn	[[:rp [:= 3] {3 3}]]
2026-07-02 17:11:13,420{GMT}	INFO	[jepsen worker 2] jepsen.print: 2	:invoke	:txn	[[:rp :true nil] [:rp [:mod 4 0] nil] [:rp [:mod 4 1] nil]]
2026-07-02 17:11:13,423{GMT}	INFO	[jepsen worker 2] jepsen.print: 2	:ok	:txn	[[:rp :true {0 41, 1 1, 2 2, 3 3, 4 4, 5 5, 6 44, 7 31, 8 53, 9 51}] [:rp [:mod 4 0] {4 4, 6 44}] [:rp [:mod 4 1] {0 41, 1 1, 5 5, 8 53}]]
2026-07-02 17:11:13,445{GMT}	INFO	[jepsen worker 3] jepsen.print: 3	:invoke	:txn	[[:w 9 54] [:r 9 nil]]
2026-07-02 17:11:13,449{GMT}	INFO	[jepsen worker 3] jepsen.print: 3	:ok	:txn	[[:w 9 54] [:r 9 54]]
2026-07-02 17:11:13,530{GMT}	INFO	[jepsen worker 0] jepsen.print: 0	:invoke	:txn	[[:rp [:mod 4 0] nil]]
2026-07-02 17:11:13,533{GMT}	INFO	[jepsen worker 0] jepsen.print: 0	:ok	:txn	[[:rp [:mod 4 0] {4 4, 6 44}]]
2026-07-02 17:11:13,612{GMT}	INFO	[jepsen worker 0] jepsen.print: 0	:invoke	:txn	[[:r 7 nil]]
2026-07-02 17:11:13,615{GMT}	INFO	[jepsen worker 0] jepsen.print: 0	:ok	:txn	[[:r 7 31]]
2026-07-02 17:11:13,632{GMT}	INFO	[jepsen worker 1] jepsen.print: 1	:invoke	:txn	[[:w 5 55]]
2026-07-02 17:11:13,635{GMT}	INFO	[jepsen worker 1] jepsen.print: 1	:ok	:txn	[[:w 5 55]]
2026-07-02 17:11:13,713{GMT}	INFO	[jepsen worker 2] jepsen.print: 2	:invoke	:txn	[[:rp :true nil]]
2026-07-02 17:11:13,716{GMT}	INFO	[jepsen worker 2] jepsen.print: 2	:ok	:txn	[[:rp :true {0 41, 1 1, 2 2, 3 3, 4 4, 5 55, 6 44, 7 31, 8 53, 9 54}]]
2026-07-02 17:11:13,805{GMT}	INFO	[jepsen worker 3] jepsen.print: 3	:invoke	:txn	[[:rp [:mod 4 3] nil] [:w 7 56]]
2026-07-02 17:11:13,809{GMT}	INFO	[jepsen worker 3] jepsen.print: 3	:ok	:txn	[[:rp [:mod 4 3] {3 3, 5 55, 7 31}] [:w 7 56]]
2026-07-02 17:11:13,832{GMT}	INFO	[jepsen worker 0] jepsen.print: 0	:invoke	:txn	[[:r 9 nil] [:w 9 57] [:rp :true nil] [:rp [:= 50] nil]]
2026-07-02 17:11:13,837{GMT}	INFO	[jepsen worker 0] jepsen.print: 0	:ok	:txn	[[:r 9 54] [:w 9 57] [:rp :true {0 41, 1 1, 2 2, 3 3, 4 4, 5 55, 6 44, 7 56, 8 53, 9 57}] [:rp [:= 50] {}]]
2026-07-02 17:11:13,849{GMT}	INFO	[jepsen worker 0] jepsen.print: 0	:invoke	:txn	[[:r 9 nil] [:w 6 58] [:rp :true nil] [:rp :true nil]]
2026-07-02 17:11:13,853{GMT}	INFO	[jepsen worker 0] jepsen.print: 0	:ok	:txn	[[:r 9 57] [:w 6 58] [:rp :true {0 41, 1 1, 2 2, 3 3, 4 4, 5 55, 6 58, 7 56, 8 53, 9 57}] [:rp :true {0 41, 1 1, 2 2, 3 3, 4 4, 5 55, 6 58, 7 56, 8 53, 9 57}]]
2026-07-02 17:11:13,880{GMT}	INFO	[jepsen worker 1] jepsen.print: 1	:invoke	:txn	[[:w 9 59]]
2026-07-02 17:11:13,883{GMT}	INFO	[jepsen worker 1] jepsen.print: 1	:ok	:txn	[[:w 9 59]]
2026-07-02 17:11:13,893{GMT}	INFO	[jepsen worker 2] jepsen.print: 2	:invoke	:txn	[[:r 9 nil]]
2026-07-02 17:11:13,896{GMT}	INFO	[jepsen worker 2] jepsen.print: 2	:ok	:txn	[[:r 9 59]]
2026-07-02 17:11:13,944{GMT}	INFO	[jepsen worker 3] jepsen.print: 3	:invoke	:txn	[[:w 9 60] [:rp [:= 29] nil] [:rp [:= 24] nil]]
2026-07-02 17:11:13,948{GMT}	INFO	[jepsen worker 3] jepsen.print: 3	:ok	:txn	[[:w 9 60] [:rp [:= 29] {}] [:rp [:= 24] {}]]
2026-07-02 17:11:14,017{GMT}	INFO	[jepsen worker 0] jepsen.print: 0	:invoke	:txn	[[:r 9 nil]]
2026-07-02 17:11:14,020{GMT}	INFO	[jepsen worker 0] jepsen.print: 0	:ok	:txn	[[:r 9 60]]
2026-07-02 17:11:14,066{GMT}	INFO	[jepsen worker 0] jepsen.print: 0	:invoke	:txn	[[:r 9 nil] [:w 9 61] [:rp :true nil]]
2026-07-02 17:11:14,070{GMT}	INFO	[jepsen worker 0] jepsen.print: 0	:ok	:txn	[[:r 9 60] [:w 9 61] [:rp :true {0 41, 1 1, 2 2, 3 3, 4 4, 5 55, 6 58, 7 56, 8 53, 9 61}]]
2026-07-02 17:11:14,127{GMT}	INFO	[jepsen worker 1] jepsen.print: 1	:invoke	:txn	[[:w 3 62]]
2026-07-02 17:11:14,130{GMT}	INFO	[jepsen worker 1] jepsen.print: 1	:ok	:txn	[[:w 3 62]]
2026-07-02 17:11:14,201{GMT}	INFO	[jepsen worker 2] jepsen.print: 2	:invoke	:txn	[[:w 4 63] [:rp [:= 36] nil]]
2026-07-02 17:11:14,205{GMT}	INFO	[jepsen worker 2] jepsen.print: 2	:ok	:txn	[[:w 4 63] [:rp [:= 36] {}]]
2026-07-02 17:11:14,205{GMT}	INFO	[jepsen worker 3] jepsen.print: 3	:invoke	:txn	[[:rp :true nil]]
2026-07-02 17:11:14,207{GMT}	INFO	[jepsen worker 3] jepsen.print: 3	:ok	:txn	[[:rp :true {0 41, 1 1, 2 2, 3 62, 4 63, 5 55, 6 58, 7 56, 8 53, 9 61}]]
2026-07-02 17:11:14,277{GMT}	INFO	[jepsen worker 0] jepsen.print: 0	:invoke	:txn	[[:w 9 64] [:w 9 65] [:r 4 nil] [:rp :true nil]]
2026-07-02 17:11:14,281{GMT}	INFO	[jepsen worker 0] jepsen.print: 0	:ok	:txn	[[:w 9 64] [:w 9 65] [:r 4 63] [:rp :true {0 41, 1 1, 2 2, 3 62, 4 63, 5 55, 6 58, 7 56, 8 53, 9 65}]]
2026-07-02 17:11:14,317{GMT}	INFO	[jepsen worker 0] jepsen.print: 0	:invoke	:txn	[[:w 9 66] [:w 8 67] [:r 9 nil]]
2026-07-02 17:11:14,321{GMT}	INFO	[jepsen worker 0] jepsen.print: 0	:ok	:txn	[[:w 9 66] [:w 8 67] [:r 9 66]]
2026-07-02 17:11:14,404{GMT}	INFO	[jepsen worker 1] jepsen.print: 1	:invoke	:txn	[[:rp :true nil] [:w 9 68] [:w 9 69]]
2026-07-02 17:11:14,408{GMT}	INFO	[jepsen worker 1] jepsen.print: 1	:ok	:txn	[[:rp :true {0 41, 1 1, 2 2, 3 62, 4 63, 5 55, 6 58, 7 56, 8 67, 9 66}] [:w 9 68] [:w 9 69]]
2026-07-02 17:11:14,435{GMT}	INFO	[jepsen worker 2] jepsen.print: 2	:invoke	:txn	[[:r 9 nil] [:r 8 nil] [:r 5 nil]]
2026-07-02 17:11:14,439{GMT}	INFO	[jepsen worker 2] jepsen.print: 2	:ok	:txn	[[:r 9 69] [:r 8 67] [:r 5 55]]
2026-07-02 17:11:14,499{GMT}	INFO	[jepsen worker 3] jepsen.print: 3	:invoke	:txn	[[:w 9 70] [:r 9 nil] [:rp [:= 21] nil]]
2026-07-02 17:11:14,503{GMT}	INFO	[jepsen worker 3] jepsen.print: 3	:ok	:txn	[[:w 9 70] [:r 9 70] [:rp [:= 21] {}]]
2026-07-02 17:11:14,554{GMT}	INFO	[jepsen worker 0] jepsen.print: 0	:invoke	:txn	[[:r 9 nil] [:r 4 nil] [:rp :true nil] [:w 9 71]]
2026-07-02 17:11:14,559{GMT}	INFO	[jepsen worker 0] jepsen.print: 0	:ok	:txn	[[:r 9 70] [:r 4 63] [:rp :true {0 41, 1 1, 2 2, 3 62, 4 63, 5 55, 6 58, 7 56, 8 67, 9 70}] [:w 9 71]]
2026-07-02 17:11:14,587{GMT}	INFO	[jepsen worker 0] jepsen.print: 0	:invoke	:txn	[[:w 9 72] [:r 8 nil]]
2026-07-02 17:11:14,590{GMT}	INFO	[jepsen worker 0] jepsen.print: 0	:ok	:txn	[[:w 9 72] [:r 8 67]]
2026-07-02 17:11:14,594{GMT}	INFO	[jepsen worker 1] jepsen.print: 1	:invoke	:txn	[[:w 9 73] [:rp [:= 17] nil]]
2026-07-02 17:11:14,598{GMT}	INFO	[jepsen worker 1] jepsen.print: 1	:ok	:txn	[[:w 9 73] [:rp [:= 17] {}]]
2026-07-02 17:11:14,621{GMT}	INFO	[jepsen worker 2] jepsen.print: 2	:invoke	:txn	[[:rp [:mod 4 0] nil] [:rp :true nil] [:r 7 nil]]
2026-07-02 17:11:14,625{GMT}	INFO	[jepsen worker 2] jepsen.print: 2	:ok	:txn	[[:rp [:mod 4 0] {7 56}] [:rp :true {0 41, 1 1, 2 2, 3 62, 4 63, 5 55, 6 58, 7 56, 8 67, 9 73}] [:r 7 56]]
2026-07-02 17:11:14,661{GMT}	INFO	[jepsen worker 3] jepsen.print: 3	:invoke	:txn	[[:r 8 nil] [:r 9 nil] [:rp [:= 69] nil]]
2026-07-02 17:11:14,665{GMT}	INFO	[jepsen worker 3] jepsen.print: 3	:ok	:txn	[[:r 8 67] [:r 9 73] [:rp [:= 69] {}]]
2026-07-02 17:11:14,759{GMT}	INFO	[jepsen worker 0] jepsen.print: 0	:invoke	:txn	[[:r 9 nil] [:rp :true nil] [:r 9 nil]]
2026-07-02 17:11:14,762{GMT}	INFO	[jepsen worker 0] jepsen.print: 0	:ok	:txn	[[:r 9 73] [:rp :true {0 41, 1 1, 2 2, 3 62, 4 63, 5 55, 6 58, 7 56, 8 67, 9 73}] [:r 9 73]]
2026-07-02 17:11:14,780{GMT}	INFO	[jepsen worker 0] jepsen.print: 0	:invoke	:txn	[[:rp [:mod 4 3] nil]]
2026-07-02 17:11:14,783{GMT}	INFO	[jepsen worker 0] jepsen.print: 0	:ok	:txn	[[:rp [:mod 4 3] {4 63, 5 55, 8 67}]]
2026-07-02 17:11:14,801{GMT}	INFO	[jepsen worker 1] jepsen.print: 1	:invoke	:txn	[[:rp [:= 54] nil] [:r 7 nil] [:rp [:= 48] nil]]
2026-07-02 17:11:14,804{GMT}	INFO	[jepsen worker 1] jepsen.print: 1	:ok	:txn	[[:rp [:= 54] {}] [:r 7 56] [:rp [:= 48] {}]]
2026-07-02 17:11:14,869{GMT}	INFO	[jepsen worker 2] jepsen.print: 2	:invoke	:txn	[[:w 9 74] [:r 9 nil] [:r 9 nil] [:rp [:= 16] nil]]
2026-07-02 17:11:14,872{GMT}	INFO	[jepsen worker 3] jepsen.print: 3	:invoke	:txn	[[:r 9 nil] [:r 7 nil] [:r 7 nil] [:rp :true nil]]
2026-07-02 17:11:14,873{GMT}	INFO	[jepsen worker 2] jepsen.print: 2	:ok	:txn	[[:w 9 74] [:r 9 74] [:r 9 74] [:rp [:= 16] {}]]
2026-07-02 17:11:14,876{GMT}	INFO	[jepsen worker 3] jepsen.print: 3	:ok	:txn	[[:r 9 74] [:r 7 56] [:r 7 56] [:rp :true {0 41, 1 1, 2 2, 3 62, 4 63, 5 55, 6 58, 7 56, 8 67, 9 74}]]
2026-07-02 17:11:14,940{GMT}	INFO	[jepsen worker 0] jepsen.print: 0	:invoke	:txn	[[:r 5 nil]]
2026-07-02 17:11:14,942{GMT}	INFO	[jepsen worker 0] jepsen.print: 0	:ok	:txn	[[:r 5 55]]
2026-07-02 17:11:14,976{GMT}	INFO	[jepsen worker 0] jepsen.print: 0	:invoke	:txn	[[:rp :true nil] [:rp :true nil]]
2026-07-02 17:11:14,979{GMT}	INFO	[jepsen worker 0] jepsen.print: 0	:ok	:txn	[[:rp :true {0 41, 1 1, 2 2, 3 62, 4 63, 5 55, 6 58, 7 56, 8 67, 9 74}] [:rp :true {0 41, 1 1, 2 2, 3 62, 4 63, 5 55, 6 58, 7 56, 8 67, 9 74}]]
2026-07-02 17:11:15,049{GMT}	INFO	[jepsen worker 1] jepsen.print: 1	:invoke	:txn	[[:rp [:= 64] nil] [:rp [:mod 4 3] nil] [:rp :true nil] [:w 8 75]]
2026-07-02 17:11:15,055{GMT}	INFO	[jepsen worker 1] jepsen.print: 1	:ok	:txn	[[:rp [:= 64] {}] [:rp [:mod 4 3] {4 63, 5 55, 8 67}] [:rp :true {0 41, 1 1, 2 2, 3 62, 4 63, 5 55, 6 58, 7 56, 8 67, 9 74}] [:w 8 75]]
2026-07-02 17:11:15,062{GMT}	INFO	[jepsen worker 2] jepsen.print: 2	:invoke	:txn	[[:r 7 nil] [:w 9 76]]
2026-07-02 17:11:15,064{GMT}	INFO	[jepsen worker 2] jepsen.print: 2	:ok	:txn	[[:r 7 56] [:w 9 76]]
2026-07-02 17:11:15,073{GMT}	INFO	[jepsen worker 3] jepsen.print: 3	:invoke	:txn	[[:w 8 77]]
2026-07-02 17:11:15,076{GMT}	INFO	[jepsen worker 3] jepsen.print: 3	:ok	:txn	[[:w 8 77]]
2026-07-02 17:11:15,076{GMT}	INFO	[jepsen worker 0] jepsen.print: 0	:invoke	:txn	[[:rp [:mod 4 1] nil] [:r 8 nil] [:rp [:= 7] nil] [:w 8 78]]
2026-07-02 17:11:15,081{GMT}	INFO	[jepsen worker 0] jepsen.print: 0	:ok	:txn	[[:rp [:mod 4 1] {0 41, 1 1, 8 77}] [:r 8 77] [:rp [:= 7] {}] [:w 8 78]]
2026-07-02 17:11:15,099{GMT}	INFO	[jepsen worker 0] jepsen.print: 0	:invoke	:txn	[[:r 9 nil] [:r 7 nil]]
2026-07-02 17:11:15,102{GMT}	INFO	[jepsen worker 0] jepsen.print: 0	:ok	:txn	[[:r 9 76] [:r 7 56]]
2026-07-02 17:11:15,165{GMT}	INFO	[jepsen worker 1] jepsen.print: 1	:invoke	:txn	[[:r 6 nil]]
2026-07-02 17:11:15,167{GMT}	INFO	[jepsen worker 1] jepsen.print: 1	:ok	:txn	[[:r 6 58]]
2026-07-02 17:11:15,203{GMT}	INFO	[jepsen worker 2] jepsen.print: 2	:invoke	:txn	[[:w 9 79] [:rp [:= 49] nil] [:rp [:= 12] nil] [:rp [:mod 4 0] nil]]
2026-07-02 17:11:15,208{GMT}	INFO	[jepsen worker 2] jepsen.print: 2	:ok	:txn	[[:w 9 79] [:rp [:= 49] {}] [:rp [:= 12] {}] [:rp [:mod 4 0] {7 56}]]
2026-07-02 17:11:15,269{GMT}	INFO	[jepsen worker 3] jepsen.print: 3	:invoke	:txn	[[:rp :true nil]]
2026-07-02 17:11:15,272{GMT}	INFO	[jepsen worker 3] jepsen.print: 3	:ok	:txn	[[:rp :true {0 41, 1 1, 2 2, 3 62, 4 63, 5 55, 6 58, 7 56, 8 78, 9 79}]]
2026-07-02 17:11:15,349{GMT}	INFO	[jepsen worker 0] jepsen.print: 0	:invoke	:txn	[[:rp :true nil] [:w 9 80] [:w 9 81]]
2026-07-02 17:11:15,353{GMT}	INFO	[jepsen worker 0] jepsen.print: 0	:ok	:txn	[[:rp :true {0 41, 1 1, 2 2, 3 62, 4 63, 5 55, 6 58, 7 56, 8 78, 9 79}] [:w 9 80] [:w 9 81]]
2026-07-02 17:11:15,385{GMT}	INFO	[jepsen worker 0] jepsen.print: 0	:invoke	:txn	[[:w 7 82] [:rp [:mod 4 3] nil]]
2026-07-02 17:11:15,389{GMT}	INFO	[jepsen worker 0] jepsen.print: 0	:ok	:txn	[[:w 7 82] [:rp [:mod 4 3] {4 63, 5 55}]]
2026-07-02 17:11:15,464{GMT}	INFO	[jepsen worker 1] jepsen.print: 1	:invoke	:txn	[[:w 9 83] [:rp [:= 66] nil] [:r 7 nil]]
2026-07-02 17:11:15,468{GMT}	INFO	[jepsen worker 1] jepsen.print: 1	:ok	:txn	[[:w 9 83] [:rp [:= 66] {}] [:r 7 82]]
2026-07-02 17:11:15,513{GMT}	INFO	[jepsen worker 2] jepsen.print: 2	:invoke	:txn	[[:w 8 84] [:r 9 nil] [:w 8 85]]
2026-07-02 17:11:15,516{GMT}	INFO	[jepsen worker 2] jepsen.print: 2	:ok	:txn	[[:w 8 84] [:r 9 83] [:w 8 85]]
2026-07-02 17:11:15,551{GMT}	INFO	[jepsen worker 3] jepsen.print: 3	:invoke	:txn	[[:w 7 86]]
2026-07-02 17:11:15,553{GMT}	INFO	[jepsen worker 3] jepsen.print: 3	:ok	:txn	[[:w 7 86]]
2026-07-02 17:11:15,628{GMT}	INFO	[jepsen worker 0] jepsen.print: 0	:invoke	:txn	[[:r 8 nil] [:w 8 87] [:r 9 nil] [:w 9 88]]
2026-07-02 17:11:15,641{GMT}	INFO	[jepsen worker 0] jepsen.print: 0	:ok	:txn	[[:r 8 85] [:w 8 87] [:r 9 83] [:w 9 88]]
2026-07-02 17:11:15,692{GMT}	INFO	[jepsen worker 0] jepsen.print: 0	:invoke	:txn	[[:r 9 nil]]
2026-07-02 17:11:15,694{GMT}	INFO	[jepsen worker 0] jepsen.print: 0	:ok	:txn	[[:r 9 88]]
2026-07-02 17:11:15,766{GMT}	INFO	[jepsen worker 1] jepsen.print: 1	:invoke	:txn	[[:rp [:mod 4 3] nil] [:r 9 nil]]
2026-07-02 17:11:15,768{GMT}	INFO	[jepsen worker 1] jepsen.print: 1	:ok	:txn	[[:rp [:mod 4 3] {4 63, 5 55, 8 87}] [:r 9 88]]
2026-07-02 17:11:15,782{GMT}	INFO	[jepsen worker 2] jepsen.print: 2	:invoke	:txn	[[:w 8 89] [:r 7 nil] [:w 8 90] [:r 9 nil]]
2026-07-02 17:11:15,787{GMT}	INFO	[jepsen worker 2] jepsen.print: 2	:ok	:txn	[[:w 8 89] [:r 7 86] [:w 8 90] [:r 9 88]]
2026-07-02 17:11:15,841{GMT}	INFO	[jepsen worker 3] jepsen.print: 3	:invoke	:txn	[[:rp [:mod 4 2] nil]]
2026-07-02 17:11:15,844{GMT}	INFO	[jepsen worker 3] jepsen.print: 3	:ok	:txn	[[:rp [:mod 4 2] {2 2, 3 62, 6 58, 7 86, 8 90}]]
2026-07-02 17:11:15,910{GMT}	INFO	[jepsen worker 0] jepsen.print: 0	:invoke	:txn	[[:w 9 91]]
2026-07-02 17:11:15,913{GMT}	INFO	[jepsen worker 0] jepsen.print: 0	:ok	:txn	[[:w 9 91]]
2026-07-02 17:11:15,958{GMT}	INFO	[jepsen worker 0] jepsen.print: 0	:invoke	:txn	[[:rp [:mod 4 3] nil]]
2026-07-02 17:11:15,961{GMT}	INFO	[jepsen worker 0] jepsen.print: 0	:ok	:txn	[[:rp [:mod 4 3] {4 63, 5 55, 9 91}]]
2026-07-02 17:11:15,993{GMT}	INFO	[jepsen test runner] jepsen.core: Run complete, writing
2026-07-02 17:11:16,078{GMT}	INFO	[jepsen test runner] jepsen.core: Analyzing...
2026-07-02 17:11:16,256{GMT}	INFO	[jepsen test runner] jepsen.core: Analysis complete
2026-07-02 17:11:16,263{GMT}	INFO	[jepsen results] jepsen.store: Wrote /home/lc/Desktop/tpcc/log_jepsen/jepsen-kv-predicate/postgres/postgres/store/postgres kv-predicate RU (RU)/20260702T171108.909+0800/results.edn
2026-07-02 17:11:16,271{GMT}	INFO	[jepsen test runner] jepsen.core: {:perf {:latency-graph {:valid? true},
        :rate-graph {:valid? true},
        :valid? true},
 :clock {:valid? true},
 :stats {:valid? true,
         :count 101,
         :ok-count 101,
         :fail-count 0,
         :info-count 0,
         :by-f {:init {:valid? true,
                       :count 1,
                       :ok-count 1,
                       :fail-count 0,
                       :info-count 0},
                :txn {:valid? true,
                      :count 100,
                      :ok-count 100,
                      :fail-count 0,
                      :info-count 0}}},
 :exceptions {:valid? true},
 :workload {:closed-predicate {:valid? true},
            :critical {:valid? true, :error-types (), :errors {}},
            :missing-table-column {:valid? true,
                                   :error-types nil,
                                   :errors {}},
            :valid? true},
 :valid? true}


Everything looks good! ヽ(‘ー`)ノ
