2026-07-02 18:20:15,818{GMT}	INFO	[jepsen test runner] jepsen.core: Test version bcf8eb3df7bb3440e42e580444d6626a382ff338 (plus uncommitted changes)
2026-07-02 18:20:15,819{GMT}	INFO	[jepsen test runner] jepsen.core: Command line:
lein run test --existing-postgres --nodes 127.0.0.1 --workload kv-predicate --time-limit 60 --concurrency 4 --rate 20 --postgres-user tpcc_user --postgres-password 12345678 --postgres-port 5432 --postgres-sslmode disable --isolation read-committed --expected-consistency-model serializable --mop-delay 0 --key-count 10 --max-txn-length 4 --max-writes-per-key 64 --predicate-group-count 4 --txn-limit 100 --kv-predicate-anomaly write-skew --kv-predicate-anomaly-delay-ms 1000
2026-07-02 18:20:15,931{GMT}	INFO	[jepsen test runner] jepsen.core: Running test:
{:remote
 #jepsen.control.retry.Remote{:remote #jepsen.control.scp.Remote{:cmd-remote #jepsen.control.sshj.SSHJRemote{:concurrency-limit 6,
                                                                                                             :conn-spec nil,
                                                                                                             :client nil,
                                                                                                             :semaphore nil},
                                                                 :conn-spec nil},
                              :conn nil}
 :postgres-user "tpcc_user"
 :kv-predicate-anomaly :write-skew
 :postgres-sslmode "disable"
 :max-txn-length 4
 :isolation :read-committed
 :concurrency 4
 :wfr-keys? true
 :key-count 10
 :existing-postgres true
 :db
 #object[jepsen.db$reify__13854 "0x28532753" "jepsen.db$reify__13854@28532753"]
 :max-writes-per-key 64
 :expected-consistency-model :serializable
 :leave-db-running? false
 :postgres-password "12345678"
 :key-dist :exponential
 :name "postgres kv-predicate RC (S)"
 :logging-json? false
 :start-time
 #object[org.joda.time.DateTime "0x21399e53" "2026-07-02T18:20:15.779+08:00"]
 :nemesis-interval 5
 :net
 #object[jepsen.net$iptables_with_dev$reify__14120
         "0x2a6871ad"
         "jepsen.net$iptables_with_dev$reify__14120@2a6871ad"]
 :client
 #jepsen.sql.client.ClientWrapper{:client #jepsen.sql.workload.kv_predicate.Client{:node nil},
                                  :open #object[jepsen.postgres.client$open
                                                "0x260043d"
                                                "jepsen.postgres.client$open@260043d"],
                                  :error-fn #object[jepsen.postgres.client$error_fn
                                                    "0x3338d29d"
                                                    "jepsen.postgres.client$error_fn@3338d29d"],
                                  :conn nil}
 :barrier
 #object[java.util.concurrent.CyclicBarrier
         "0x5e1e19af"
         "java.util.concurrent.CyclicBarrier@5e1e19af"]
 :linearizable-keys? false
 :ssh {:dummy? true}
 :rate 20
 :encodings
 (:character :character-varying :decimal :double-precision :integer :text)
 :checker
 #jepsen.checker.Compose{:checkers {:perf #jepsen.checker.Compose{:checkers {:latency-graph #jepsen.checker.LatencyGraph{:opts {:nemeses nil}},
                                                                             :rate-graph #jepsen.checker.RateGraph{:opts {:nemeses nil}}}},
                                    :clock #jepsen.checker.ClockPlot{},
                                    :stats #jepsen.checker.Stats{},
                                    :exceptions #jepsen.checker.UnhandledExceptions{},
                                    :workload #jepsen.checker.Compose{:checkers {:closed-predicate #jepsen.sql.workload.kv_predicate.ClosedPredicateChecker{:opts {:consistency-models [:serializable],
                                                                                                                                                                   :additional-graphs [#object[jepsen.sql.workload.kv_predicate$w_ww_graph
                                                                                                                                                                                               "0x3792fed8"
                                                                                                                                                                                               "jepsen.sql.workload.kv_predicate$w_ww_graph@3792fed8"]]}},
                                                                                 :critical #jepsen.sql.checker.CriticalChecker{},
                                                                                 :missing-table-column #jepsen.sql.checker.MissingTableColumnChecker{}}}}}
 :sequential-keys? false
 :indirection? false
 :argv
 ("test"
  "--existing-postgres"
  "--nodes"
  "127.0.0.1"
  "--workload"
  "kv-predicate"
  "--time-limit"
  "60"
  "--concurrency"
  "4"
  "--rate"
  "20"
  "--postgres-user"
  "tpcc_user"
  "--postgres-password"
  "12345678"
  "--postgres-port"
  "5432"
  "--postgres-sslmode"
  "disable"
  "--isolation"
  "read-committed"
  "--expected-consistency-model"
  "serializable"
  "--mop-delay"
  "0"
  "--key-count"
  "10"
  "--max-txn-length"
  "4"
  "--max-writes-per-key"
  "64"
  "--predicate-group-count"
  "4"
  "--txn-limit"
  "100"
  "--kv-predicate-anomaly"
  "write-skew"
  "--kv-predicate-anomaly-delay-ms"
  "1000")
 :nemesis #unprintable "jepsen.nemesis$reify__14243@35d145fb"
 :nodes ["127.0.0.1"]
 :test-count 1
 :generator
 #object[jepsen.util.Forgettable
         "0x75aeec0a"
         (jepsen.generator.Synchronize
          {:gen (jepsen.generator.TimeLimit
                 {:limit 60000000000,
                  :cutoff nil,
                  :gen (jepsen.generator.OnThreads
                        {:f #jepsen.generator.context.AllBut{:element :nemesis},
                         :context-filter #object[jepsen.generator.context$make_thread_filter$lazy_filter__4292
                                                 "0x1e7797db"
                                                 "jepsen.generator.context$make_thread_filter$lazy_filter__4292@1e7797db"],
                         :gen (jepsen.generator.Stagger
                               {:dt 100000000,
                                :next-time nil,
                                :gen ((jepsen.generator.Synchronize
                                       {:gen (jepsen.generator.Limit
                                              {:remaining 1,
                                               :gen {:type :invoke,
                                                     :process 0,
                                                     :f :init,
                                                     :value {0 0,
                                                             1 1,
                                                             2 2,
                                                             3 3,
                                                             4 4,
                                                             5 5,
                                                             6 6,
                                                             7 7,
                                                             ...}}})})
                                      (jepsen.generator.Synchronize
                                       {:gen (jepsen.generator.Limit
                                              {:remaining 100,
                                               :gen ({:type :invoke,
                                                      :f :txn,
                                                      :value [[:rp [:= 0] nil]
                                                              [:sleep 1000 nil]
                                                              [:w 1 10]]}
                                                     {:type :invoke,
                                                      :f :txn,
                                                      :value [[:rp [:= 1] nil]
                                                              [:sleep 1000 nil]
                                                              [:w 0 11]]}
                                                     {:type :invoke,
                                                      :f :txn,
                                                      :value [[:r 8 nil]
                                                              [:rp :true nil]
                                                              [:w 4 12]]}
                                                     {:type :invoke,
                                                      :f :txn,
                                                      :value [[:rp
                                                               [:mod 4 2]
                                                               nil]
                                                              [:rp
                                                               [:mod 4 0]
                                                               nil]
                                                              [:w 8 13]
                                                              [:rp [:= 2] nil]]}
                                                     {:type :invoke,
                                                      :f :txn,
                                                      :value [[:r 9 nil]
                                                              [:r 6 nil]]}
                                                     {:type :invoke,
                                                      :f :txn,
                                                      :value [[:r 9 nil]
                                                              [:r 9 nil]
                                                              [:r 6 nil]
                                                              [:rp :true nil]]}
                                                     {:type :invoke,
                                                      :f :txn,
                                                      :value [[:rp :true nil]
                                                              [:w 7 14]
                                                              [:rp :true nil]]}
                                                     {:type :invoke,
                                                      :f :txn,
                                                      :value [[:rp
                                                               [:mod 4 1]
                                                               nil]
                                                              [:r 9 nil]]}
                                                     ...)})}))})})})})]
 :postgres-port 5432
 :mop-delay 0
 :key-types [:primary :secondary]
 :predicate-group-count 4
 :os
 #object[jepsen.os$reify__14540 "0xd164938" "jepsen.os$reify__14540@d164938"]
 :time-limit 60
 :version "0.16.0"
 :savepoints true
 :workload :kv-predicate
 :txn-limit 100
 :upsert-types [:update-insert-update :copy-on-write :on-conflict]
 :kv-predicate-anomaly-delay-ms 1000}

2026-07-02 18:20:18,222{GMT}	INFO	[jepsen test runner] jepsen.db: Tearing down DB
2026-07-02 18:20:18,223{GMT}	INFO	[jepsen test runner] jepsen.db: Setting up DB
2026-07-02 18:20:18,225{GMT}	INFO	[jepsen test runner] jepsen.core: Relative time begins now
2026-07-02 18:20:18,420{GMT}	INFO	[jepsen worker 0] jepsen.print: 0	:invoke	:init	{0 0, 1 1, 2 2, 3 3, 4 4, 5 5, 6 6, 7 7, 8 8, 9 9}
2026-07-02 18:20:18,478{GMT}	INFO	[jepsen worker 0] jepsen.print: 0	:ok	:init	{0 0, 1 1, 2 2, 3 3, 4 4, 5 5, 6 6, 7 7, 8 8, 9 9}
2026-07-02 18:20:18,505{GMT}	INFO	[jepsen worker 1] jepsen.print: 1	:invoke	:txn	[[:rp [:= 0] nil] [:sleep 1000 nil] [:w 1 10]]
2026-07-02 18:20:18,582{GMT}	INFO	[jepsen worker 2] jepsen.print: 2	:invoke	:txn	[[:rp [:= 1] nil] [:sleep 1000 nil] [:w 0 11]]
2026-07-02 18:20:18,634{GMT}	INFO	[jepsen worker 3] jepsen.print: 3	:invoke	:txn	[[:r 8 nil] [:rp :true nil] [:w 4 12]]
2026-07-02 18:20:18,681{GMT}	INFO	[jepsen worker 3] jepsen.print: 3	:ok	:txn	[[:r 8 8] [:rp :true {0 0, 1 1, 2 2, 3 3, 4 4, 5 5, 6 6, 7 7, 8 8, 9 9}] [:w 4 12]]
2026-07-02 18:20:18,709{GMT}	INFO	[jepsen worker 0] jepsen.print: 0	:invoke	:txn	[[:rp [:mod 4 2] nil] [:rp [:mod 4 0] nil] [:w 8 13] [:rp [:= 2] nil]]
2026-07-02 18:20:18,716{GMT}	INFO	[jepsen worker 0] jepsen.print: 0	:ok	:txn	[[:rp [:mod 4 2] {2 2, 6 6}] [:rp [:mod 4 0] {0 0, 4 12, 8 8}] [:w 8 13] [:rp [:= 2] {2 2}]]
2026-07-02 18:20:18,793{GMT}	INFO	[jepsen worker 0] jepsen.print: 0	:invoke	:txn	[[:r 9 nil] [:r 6 nil]]
2026-07-02 18:20:18,798{GMT}	INFO	[jepsen worker 0] jepsen.print: 0	:ok	:txn	[[:r 9 9] [:r 6 6]]
2026-07-02 18:20:18,859{GMT}	INFO	[jepsen worker 3] jepsen.print: 3	:invoke	:txn	[[:r 9 nil] [:r 9 nil] [:r 6 nil] [:rp :true nil]]
2026-07-02 18:20:18,864{GMT}	INFO	[jepsen worker 3] jepsen.print: 3	:ok	:txn	[[:r 9 9] [:r 9 9] [:r 6 6] [:rp :true {0 0, 1 1, 2 2, 3 3, 4 12, 5 5, 6 6, 7 7, 8 13, 9 9}]]
2026-07-02 18:20:18,919{GMT}	INFO	[jepsen worker 3] jepsen.print: 3	:invoke	:txn	[[:rp :true nil] [:w 7 14] [:rp :true nil]]
2026-07-02 18:20:18,925{GMT}	INFO	[jepsen worker 3] jepsen.print: 3	:ok	:txn	[[:rp :true {0 0, 1 1, 2 2, 3 3, 4 12, 5 5, 6 6, 7 7, 8 13, 9 9}] [:w 7 14] [:rp :true {0 0, 1 1, 2 2, 3 3, 4 12, 5 5, 6 6, 7 14, 8 13, 9 9}]]
2026-07-02 18:20:18,956{GMT}	INFO	[jepsen worker 3] jepsen.print: 3	:invoke	:txn	[[:rp [:mod 4 1] nil] [:r 9 nil]]
2026-07-02 18:20:18,964{GMT}	INFO	[jepsen worker 3] jepsen.print: 3	:ok	:txn	[[:rp [:mod 4 1] {1 1, 5 5, 8 13, 9 9}] [:r 9 9]]
2026-07-02 18:20:19,043{GMT}	INFO	[jepsen worker 0] jepsen.print: 0	:invoke	:txn	[[:rp [:mod 4 2] nil]]
2026-07-02 18:20:19,046{GMT}	INFO	[jepsen worker 0] jepsen.print: 0	:ok	:txn	[[:rp [:mod 4 2] {2 2, 6 6, 7 14}]]
2026-07-02 18:20:19,100{GMT}	INFO	[jepsen worker 0] jepsen.print: 0	:invoke	:txn	[[:w 9 15]]
2026-07-02 18:20:19,104{GMT}	INFO	[jepsen worker 0] jepsen.print: 0	:ok	:txn	[[:w 9 15]]
2026-07-02 18:20:19,175{GMT}	INFO	[jepsen worker 3] jepsen.print: 3	:invoke	:txn	[[:r 9 nil] [:w 9 16] [:w 6 17] [:rp [:= 6] nil]]
2026-07-02 18:20:19,179{GMT}	INFO	[jepsen worker 3] jepsen.print: 3	:ok	:txn	[[:r 9 15] [:w 9 16] [:w 6 17] [:rp [:= 6] {}]]
2026-07-02 18:20:19,240{GMT}	INFO	[jepsen worker 3] jepsen.print: 3	:invoke	:txn	[[:r 4 nil] [:rp [:= 15] nil]]
2026-07-02 18:20:19,244{GMT}	INFO	[jepsen worker 3] jepsen.print: 3	:ok	:txn	[[:r 4 12] [:rp [:= 15] {}]]
2026-07-02 18:20:19,329{GMT}	INFO	[jepsen worker 3] jepsen.print: 3	:invoke	:txn	[[:r 9 nil] [:r 9 nil] [:rp [:= 5] nil] [:r 8 nil]]
2026-07-02 18:20:19,334{GMT}	INFO	[jepsen worker 3] jepsen.print: 3	:ok	:txn	[[:r 9 16] [:r 9 16] [:rp [:= 5] {5 5}] [:r 8 13]]
2026-07-02 18:20:19,390{GMT}	INFO	[jepsen worker 0] jepsen.print: 0	:invoke	:txn	[[:w 8 18] [:r 9 nil] [:rp :true nil]]
2026-07-02 18:20:19,396{GMT}	INFO	[jepsen worker 0] jepsen.print: 0	:ok	:txn	[[:w 8 18] [:r 9 16] [:rp :true {0 0, 1 1, 2 2, 3 3, 4 12, 5 5, 6 17, 7 14, 8 18, 9 16}]]
2026-07-02 18:20:19,421{GMT}	INFO	[jepsen worker 0] jepsen.print: 0	:invoke	:txn	[[:rp [:mod 4 0] nil] [:r 9 nil] [:r 9 nil] [:rp :true nil]]
2026-07-02 18:20:19,426{GMT}	INFO	[jepsen worker 0] jepsen.print: 0	:ok	:txn	[[:rp [:mod 4 0] {0 0, 4 12, 9 16}] [:r 9 16] [:r 9 16] [:rp :true {0 0, 1 1, 2 2, 3 3, 4 12, 5 5, 6 17, 7 14, 8 18, 9 16}]]
2026-07-02 18:20:19,483{GMT}	INFO	[jepsen worker 3] jepsen.print: 3	:invoke	:txn	[[:rp [:mod 4 0] nil] [:w 7 19]]
2026-07-02 18:20:19,487{GMT}	INFO	[jepsen worker 3] jepsen.print: 3	:ok	:txn	[[:rp [:mod 4 0] {0 0, 4 12, 9 16}] [:w 7 19]]
2026-07-02 18:20:19,510{GMT}	INFO	[jepsen worker 3] jepsen.print: 3	:invoke	:txn	[[:rp :true nil] [:r 8 nil] [:r 9 nil] [:r 7 nil]]
2026-07-02 18:20:19,515{GMT}	INFO	[jepsen worker 3] jepsen.print: 3	:ok	:txn	[[:rp :true {0 0, 1 1, 2 2, 3 3, 4 12, 5 5, 6 17, 7 19, 8 18, 9 16}] [:r 8 18] [:r 9 16] [:r 7 19]]
2026-07-02 18:20:19,528{GMT}	INFO	[jepsen worker 1] jepsen.print: 1	:ok	:txn	[[:rp [:= 0] {0 0}] [:w 1 10]]
2026-07-02 18:20:19,585{GMT}	INFO	[jepsen worker 3] jepsen.print: 3	:invoke	:txn	[[:r 9 nil] [:w 8 20] [:r 8 nil]]
2026-07-02 18:20:19,594{GMT}	INFO	[jepsen worker 3] jepsen.print: 3	:ok	:txn	[[:r 9 16] [:w 8 20] [:r 8 20]]
2026-07-02 18:20:19,624{GMT}	INFO	[jepsen worker 2] jepsen.print: 2	:ok	:txn	[[:rp [:= 1] {1 1}] [:w 0 11]]
2026-07-02 18:20:19,639{GMT}	INFO	[jepsen worker 0] jepsen.print: 0	:invoke	:txn	[[:w 8 21] [:rp [:mod 4 0] nil]]
2026-07-02 18:20:19,665{GMT}	INFO	[jepsen worker 0] jepsen.print: 0	:ok	:txn	[[:w 8 21] [:rp [:mod 4 0] {4 12, 9 16}]]
2026-07-02 18:20:19,695{GMT}	INFO	[jepsen worker 0] jepsen.print: 0	:invoke	:txn	[[:r 7 nil] [:r 8 nil] [:r 8 nil] [:w 9 22]]
2026-07-02 18:20:19,699{GMT}	INFO	[jepsen worker 0] jepsen.print: 0	:ok	:txn	[[:r 7 19] [:r 8 21] [:r 8 21] [:w 9 22]]
2026-07-02 18:20:19,777{GMT}	INFO	[jepsen worker 1] jepsen.print: 1	:invoke	:txn	[[:r 9 nil] [:rp :true nil]]
2026-07-02 18:20:19,782{GMT}	INFO	[jepsen worker 1] jepsen.print: 1	:ok	:txn	[[:r 9 22] [:rp :true {0 11, 1 10, 2 2, 3 3, 4 12, 5 5, 6 17, 7 19, 8 21, 9 22}]]
2026-07-02 18:20:19,854{GMT}	INFO	[jepsen worker 2] jepsen.print: 2	:invoke	:txn	[[:r 5 nil] [:rp [:mod 4 3] nil] [:w 7 23] [:rp [:mod 4 2] nil]]
2026-07-02 18:20:19,860{GMT}	INFO	[jepsen worker 2] jepsen.print: 2	:ok	:txn	[[:r 5 5] [:rp [:mod 4 3] {0 11, 3 3, 7 19}] [:w 7 23] [:rp [:mod 4 2] {1 10, 2 2, 9 22}]]
2026-07-02 18:20:19,877{GMT}	INFO	[jepsen worker 3] jepsen.print: 3	:invoke	:txn	[[:rp [:mod 4 1] nil] [:rp [:= 23] nil] [:r 9 nil] [:r 9 nil]]
2026-07-02 18:20:19,884{GMT}	INFO	[jepsen worker 3] jepsen.print: 3	:ok	:txn	[[:rp [:mod 4 1] {5 5, 6 17, 8 21}] [:rp [:= 23] {7 23}] [:r 9 22] [:r 9 22]]
2026-07-02 18:20:19,892{GMT}	INFO	[jepsen worker 0] jepsen.print: 0	:invoke	:txn	[[:rp :true nil] [:rp [:mod 4 1] nil]]
2026-07-02 18:20:19,898{GMT}	INFO	[jepsen worker 0] jepsen.print: 0	:ok	:txn	[[:rp :true {0 11, 1 10, 2 2, 3 3, 4 12, 5 5, 6 17, 7 23, 8 21, 9 22}] [:rp [:mod 4 1] {5 5, 6 17, 8 21}]]
2026-07-02 18:20:19,938{GMT}	INFO	[jepsen worker 0] jepsen.print: 0	:invoke	:txn	[[:r 1 nil] [:rp [:mod 4 2] nil] [:r 9 nil]]
2026-07-02 18:20:19,943{GMT}	INFO	[jepsen worker 0] jepsen.print: 0	:ok	:txn	[[:r 1 10] [:rp [:mod 4 2] {1 10, 2 2, 9 22}] [:r 9 22]]
2026-07-02 18:20:20,010{GMT}	INFO	[jepsen worker 1] jepsen.print: 1	:invoke	:txn	[[:rp :true nil] [:rp :true nil]]
2026-07-02 18:20:20,014{GMT}	INFO	[jepsen worker 1] jepsen.print: 1	:ok	:txn	[[:rp :true {0 11, 1 10, 2 2, 3 3, 4 12, 5 5, 6 17, 7 23, 8 21, 9 22}] [:rp :true {0 11, 1 10, 2 2, 3 3, 4 12, 5 5, 6 17, 7 23, 8 21, 9 22}]]
2026-07-02 18:20:20,033{GMT}	INFO	[jepsen worker 2] jepsen.print: 2	:invoke	:txn	[[:r 8 nil]]
2026-07-02 18:20:20,037{GMT}	INFO	[jepsen worker 2] jepsen.print: 2	:ok	:txn	[[:r 8 21]]
2026-07-02 18:20:20,127{GMT}	INFO	[jepsen worker 3] jepsen.print: 3	:invoke	:txn	[[:r 8 nil] [:rp [:mod 4 0] nil] [:rp [:mod 4 0] nil]]
2026-07-02 18:20:20,132{GMT}	INFO	[jepsen worker 3] jepsen.print: 3	:ok	:txn	[[:r 8 21] [:rp [:mod 4 0] {4 12}] [:rp [:mod 4 0] {4 12}]]
2026-07-02 18:20:20,196{GMT}	INFO	[jepsen worker 0] jepsen.print: 0	:invoke	:txn	[[:r 7 nil]]
2026-07-02 18:20:20,199{GMT}	INFO	[jepsen worker 0] jepsen.print: 0	:ok	:txn	[[:r 7 23]]
2026-07-02 18:20:20,259{GMT}	INFO	[jepsen worker 0] jepsen.print: 0	:invoke	:txn	[[:w 8 24] [:rp :true nil]]
2026-07-02 18:20:20,263{GMT}	INFO	[jepsen worker 0] jepsen.print: 0	:ok	:txn	[[:w 8 24] [:rp :true {0 11, 1 10, 2 2, 3 3, 4 12, 5 5, 6 17, 7 23, 8 24, 9 22}]]
2026-07-02 18:20:20,358{GMT}	INFO	[jepsen worker 1] jepsen.print: 1	:invoke	:txn	[[:w 8 25] [:r 9 nil] [:r 8 nil] [:r 9 nil]]
2026-07-02 18:20:20,363{GMT}	INFO	[jepsen worker 1] jepsen.print: 1	:ok	:txn	[[:w 8 25] [:r 9 22] [:r 8 25] [:r 9 22]]
2026-07-02 18:20:20,405{GMT}	INFO	[jepsen worker 2] jepsen.print: 2	:invoke	:txn	[[:r 8 nil] [:rp [:= 1] nil]]
2026-07-02 18:20:20,408{GMT}	INFO	[jepsen worker 2] jepsen.print: 2	:ok	:txn	[[:r 8 25] [:rp [:= 1] {}]]
2026-07-02 18:20:20,491{GMT}	INFO	[jepsen worker 3] jepsen.print: 3	:invoke	:txn	[[:rp [:= 21] nil] [:w 8 26] [:w 8 27]]
2026-07-02 18:20:20,496{GMT}	INFO	[jepsen worker 3] jepsen.print: 3	:ok	:txn	[[:rp [:= 21] {}] [:w 8 26] [:w 8 27]]
2026-07-02 18:20:20,555{GMT}	INFO	[jepsen worker 0] jepsen.print: 0	:invoke	:txn	[[:r 9 nil]]
2026-07-02 18:20:20,558{GMT}	INFO	[jepsen worker 0] jepsen.print: 0	:ok	:txn	[[:r 9 22]]
2026-07-02 18:20:20,586{GMT}	INFO	[jepsen worker 0] jepsen.print: 0	:invoke	:txn	[[:w 6 28] [:rp :true nil] [:w 7 29]]
2026-07-02 18:20:20,592{GMT}	INFO	[jepsen worker 0] jepsen.print: 0	:ok	:txn	[[:w 6 28] [:rp :true {0 11, 1 10, 2 2, 3 3, 4 12, 5 5, 6 28, 7 23, 8 27, 9 22}] [:w 7 29]]
2026-07-02 18:20:20,646{GMT}	INFO	[jepsen worker 1] jepsen.print: 1	:invoke	:txn	[[:w 7 30] [:rp [:= 2] nil] [:w 6 31]]
2026-07-02 18:20:20,651{GMT}	INFO	[jepsen worker 1] jepsen.print: 1	:ok	:txn	[[:w 7 30] [:rp [:= 2] {2 2}] [:w 6 31]]
2026-07-02 18:20:20,714{GMT}	INFO	[jepsen worker 2] jepsen.print: 2	:invoke	:txn	[[:r 8 nil] [:w 9 32] [:w 4 33]]
2026-07-02 18:20:20,718{GMT}	INFO	[jepsen worker 2] jepsen.print: 2	:ok	:txn	[[:r 8 27] [:w 9 32] [:w 4 33]]
2026-07-02 18:20:20,749{GMT}	INFO	[jepsen worker 3] jepsen.print: 3	:invoke	:txn	[[:r 9 nil] [:rp [:mod 4 0] nil] [:rp :true nil]]
2026-07-02 18:20:20,752{GMT}	INFO	[jepsen worker 3] jepsen.print: 3	:ok	:txn	[[:r 9 32] [:rp [:mod 4 0] {9 32}] [:rp :true {0 11, 1 10, 2 2, 3 3, 4 33, 5 5, 6 31, 7 30, 8 27, 9 32}]]
2026-07-02 18:20:20,833{GMT}	INFO	[jepsen worker 0] jepsen.print: 0	:invoke	:txn	[[:r 9 nil]]
2026-07-02 18:20:20,836{GMT}	INFO	[jepsen worker 0] jepsen.print: 0	:ok	:txn	[[:r 9 32]]
2026-07-02 18:20:20,872{GMT}	INFO	[jepsen worker 0] jepsen.print: 0	:invoke	:txn	[[:w 9 34] [:r 9 nil] [:r 9 nil]]
2026-07-02 18:20:20,877{GMT}	INFO	[jepsen worker 0] jepsen.print: 0	:ok	:txn	[[:w 9 34] [:r 9 34] [:r 9 34]]
2026-07-02 18:20:20,919{GMT}	INFO	[jepsen worker 1] jepsen.print: 1	:invoke	:txn	[[:r 9 nil] [:rp [:mod 4 0] nil] [:r 8 nil] [:r 8 nil]]
2026-07-02 18:20:20,923{GMT}	INFO	[jepsen worker 1] jepsen.print: 1	:ok	:txn	[[:r 9 34] [:rp [:mod 4 0] {}] [:r 8 27] [:r 8 27]]
2026-07-02 18:20:20,942{GMT}	INFO	[jepsen worker 2] jepsen.print: 2	:invoke	:txn	[[:rp [:= 3] nil]]
2026-07-02 18:20:20,949{GMT}	INFO	[jepsen worker 2] jepsen.print: 2	:ok	:txn	[[:rp [:= 3] {3 3}]]
2026-07-02 18:20:21,003{GMT}	INFO	[jepsen worker 3] jepsen.print: 3	:invoke	:txn	[[:rp [:mod 4 3] nil] [:rp [:mod 4 2] nil] [:w 7 35]]
2026-07-02 18:20:21,012{GMT}	INFO	[jepsen worker 3] jepsen.print: 3	:ok	:txn	[[:rp [:mod 4 3] {0 11, 3 3, 6 31, 8 27}] [:rp [:mod 4 2] {1 10, 2 2, 7 30, 9 34}] [:w 7 35]]
2026-07-02 18:20:21,021{GMT}	INFO	[jepsen worker 0] jepsen.print: 0	:invoke	:txn	[[:r 8 nil] [:rp [:mod 4 3] nil]]
2026-07-02 18:20:21,024{GMT}	INFO	[jepsen worker 0] jepsen.print: 0	:ok	:txn	[[:r 8 27] [:rp [:mod 4 3] {0 11, 3 3, 6 31, 7 35, 8 27}]]
2026-07-02 18:20:21,062{GMT}	INFO	[jepsen worker 0] jepsen.print: 0	:invoke	:txn	[[:rp :true nil] [:r 8 nil] [:r 9 nil]]
2026-07-02 18:20:21,065{GMT}	INFO	[jepsen worker 0] jepsen.print: 0	:ok	:txn	[[:rp :true {0 11, 1 10, 2 2, 3 3, 4 33, 5 5, 6 31, 7 35, 8 27, 9 34}] [:r 8 27] [:r 9 34]]
2026-07-02 18:20:21,095{GMT}	INFO	[jepsen worker 1] jepsen.print: 1	:invoke	:txn	[[:r 9 nil]]
2026-07-02 18:20:21,101{GMT}	INFO	[jepsen worker 1] jepsen.print: 1	:ok	:txn	[[:r 9 34]]
2026-07-02 18:20:21,172{GMT}	INFO	[jepsen worker 2] jepsen.print: 2	:invoke	:txn	[[:rp [:mod 4 2] nil] [:w 7 36]]
2026-07-02 18:20:21,176{GMT}	INFO	[jepsen worker 2] jepsen.print: 2	:ok	:txn	[[:rp [:mod 4 2] {1 10, 2 2, 9 34}] [:w 7 36]]
2026-07-02 18:20:21,189{GMT}	INFO	[jepsen worker 3] jepsen.print: 3	:invoke	:txn	[[:w 9 37] [:w 7 38] [:r 7 nil] [:w 9 39]]
2026-07-02 18:20:21,193{GMT}	INFO	[jepsen worker 3] jepsen.print: 3	:ok	:txn	[[:w 9 37] [:w 7 38] [:r 7 38] [:w 9 39]]
2026-07-02 18:20:21,195{GMT}	INFO	[jepsen worker 0] jepsen.print: 0	:invoke	:txn	[[:r 7 nil] [:rp :true nil] [:r 9 nil] [:r 7 nil]]
2026-07-02 18:20:21,204{GMT}	INFO	[jepsen worker 0] jepsen.print: 0	:ok	:txn	[[:r 7 38] [:rp :true {0 11, 1 10, 2 2, 3 3, 4 33, 5 5, 6 31, 7 38, 8 27, 9 39}] [:r 9 39] [:r 7 38]]
2026-07-02 18:20:21,209{GMT}	INFO	[jepsen worker 0] jepsen.print: 0	:invoke	:txn	[[:w 8 40] [:w 9 41]]
2026-07-02 18:20:21,212{GMT}	INFO	[jepsen worker 0] jepsen.print: 0	:ok	:txn	[[:w 8 40] [:w 9 41]]
2026-07-02 18:20:21,241{GMT}	INFO	[jepsen worker 1] jepsen.print: 1	:invoke	:txn	[[:w 9 42]]
2026-07-02 18:20:21,244{GMT}	INFO	[jepsen worker 1] jepsen.print: 1	:ok	:txn	[[:w 9 42]]
2026-07-02 18:20:21,299{GMT}	INFO	[jepsen worker 2] jepsen.print: 2	:invoke	:txn	[[:rp :true nil]]
2026-07-02 18:20:21,302{GMT}	INFO	[jepsen worker 2] jepsen.print: 2	:ok	:txn	[[:rp :true {0 11, 1 10, 2 2, 3 3, 4 33, 5 5, 6 31, 7 38, 8 40, 9 42}]]
2026-07-02 18:20:21,393{GMT}	INFO	[jepsen worker 3] jepsen.print: 3	:invoke	:txn	[[:r 9 nil] [:rp :true nil]]
2026-07-02 18:20:21,396{GMT}	INFO	[jepsen worker 3] jepsen.print: 3	:ok	:txn	[[:r 9 42] [:rp :true {0 11, 1 10, 2 2, 3 3, 4 33, 5 5, 6 31, 7 38, 8 40, 9 42}]]
2026-07-02 18:20:21,468{GMT}	INFO	[jepsen worker 0] jepsen.print: 0	:invoke	:txn	[[:rp [:= 24] nil]]
2026-07-02 18:20:21,472{GMT}	INFO	[jepsen worker 0] jepsen.print: 0	:ok	:txn	[[:rp [:= 24] {}]]
2026-07-02 18:20:21,542{GMT}	INFO	[jepsen worker 0] jepsen.print: 0	:invoke	:txn	[[:w 8 43] [:r 9 nil] [:r 8 nil] [:rp [:mod 4 3] nil]]
2026-07-02 18:20:21,547{GMT}	INFO	[jepsen worker 0] jepsen.print: 0	:ok	:txn	[[:w 8 43] [:r 9 42] [:r 8 43] [:rp [:mod 4 3] {0 11, 3 3, 6 31, 8 43}]]
2026-07-02 18:20:21,581{GMT}	INFO	[jepsen worker 1] jepsen.print: 1	:invoke	:txn	[[:rp [:= 41] nil] [:r 9 nil]]
2026-07-02 18:20:21,585{GMT}	INFO	[jepsen worker 1] jepsen.print: 1	:ok	:txn	[[:rp [:= 41] {}] [:r 9 42]]
2026-07-02 18:20:21,610{GMT}	INFO	[jepsen worker 2] jepsen.print: 2	:invoke	:txn	[[:r 9 nil]]
2026-07-02 18:20:21,613{GMT}	INFO	[jepsen worker 2] jepsen.print: 2	:ok	:txn	[[:r 9 42]]
2026-07-02 18:20:21,644{GMT}	INFO	[jepsen worker 3] jepsen.print: 3	:invoke	:txn	[[:rp [:mod 4 3] nil] [:rp [:= 19] nil]]
2026-07-02 18:20:21,647{GMT}	INFO	[jepsen worker 3] jepsen.print: 3	:ok	:txn	[[:rp [:mod 4 3] {0 11, 3 3, 6 31, 8 43}] [:rp [:= 19] {}]]
2026-07-02 18:20:21,711{GMT}	INFO	[jepsen worker 0] jepsen.print: 0	:invoke	:txn	[[:w 9 44] [:r 8 nil]]
2026-07-02 18:20:21,715{GMT}	INFO	[jepsen worker 0] jepsen.print: 0	:ok	:txn	[[:w 9 44] [:r 8 43]]
2026-07-02 18:20:21,749{GMT}	INFO	[jepsen worker 0] jepsen.print: 0	:invoke	:txn	[[:rp [:mod 4 1] nil] [:rp :true nil] [:rp [:mod 4 2] nil]]
2026-07-02 18:20:21,752{GMT}	INFO	[jepsen worker 0] jepsen.print: 0	:ok	:txn	[[:rp [:mod 4 1] {4 33, 5 5}] [:rp :true {0 11, 1 10, 2 2, 3 3, 4 33, 5 5, 6 31, 7 38, 8 43, 9 44}] [:rp [:mod 4 2] {1 10, 2 2, 7 38}]]
2026-07-02 18:20:21,811{GMT}	INFO	[jepsen worker 1] jepsen.print: 1	:invoke	:txn	[[:rp [:mod 4 2] nil] [:w 7 45] [:w 9 46]]
2026-07-02 18:20:21,815{GMT}	INFO	[jepsen worker 1] jepsen.print: 1	:ok	:txn	[[:rp [:mod 4 2] {1 10, 2 2, 7 38}] [:w 7 45] [:w 9 46]]
2026-07-02 18:20:21,875{GMT}	INFO	[jepsen worker 2] jepsen.print: 2	:invoke	:txn	[[:rp [:= 17] nil] [:rp [:mod 4 2] nil] [:w 9 47]]
2026-07-02 18:20:21,879{GMT}	INFO	[jepsen worker 2] jepsen.print: 2	:ok	:txn	[[:rp [:= 17] {}] [:rp [:mod 4 2] {1 10, 2 2, 9 46}] [:w 9 47]]
2026-07-02 18:20:21,935{GMT}	INFO	[jepsen worker 3] jepsen.print: 3	:invoke	:txn	[[:r 8 nil]]
2026-07-02 18:20:21,937{GMT}	INFO	[jepsen worker 3] jepsen.print: 3	:ok	:txn	[[:r 8 43]]
2026-07-02 18:20:21,960{GMT}	INFO	[jepsen worker 0] jepsen.print: 0	:invoke	:txn	[[:rp [:= 2] nil] [:rp [:= 1] nil] [:r 9 nil]]
2026-07-02 18:20:21,963{GMT}	INFO	[jepsen worker 0] jepsen.print: 0	:ok	:txn	[[:rp [:= 2] {2 2}] [:rp [:= 1] {}] [:r 9 47]]
2026-07-02 18:20:22,045{GMT}	INFO	[jepsen worker 0] jepsen.print: 0	:invoke	:txn	[[:rp :true nil] [:rp [:mod 4 2] nil]]
2026-07-02 18:20:22,049{GMT}	INFO	[jepsen worker 0] jepsen.print: 0	:ok	:txn	[[:rp :true {0 11, 1 10, 2 2, 3 3, 4 33, 5 5, 6 31, 7 45, 8 43, 9 47}] [:rp [:mod 4 2] {1 10, 2 2}]]
2026-07-02 18:20:22,075{GMT}	INFO	[jepsen worker 1] jepsen.print: 1	:invoke	:txn	[[:w 9 48] [:r 4 nil] [:w 8 49] [:r 7 nil]]
2026-07-02 18:20:22,079{GMT}	INFO	[jepsen worker 1] jepsen.print: 1	:ok	:txn	[[:w 9 48] [:r 4 33] [:w 8 49] [:r 7 45]]
2026-07-02 18:20:22,140{GMT}	INFO	[jepsen worker 2] jepsen.print: 2	:invoke	:txn	[[:w 9 50] [:r 9 nil] [:w 8 51] [:w 9 52]]
2026-07-02 18:20:22,144{GMT}	INFO	[jepsen worker 2] jepsen.print: 2	:ok	:txn	[[:w 9 50] [:r 9 50] [:w 8 51] [:w 9 52]]
2026-07-02 18:20:22,189{GMT}	INFO	[jepsen worker 3] jepsen.print: 3	:invoke	:txn	[[:r 9 nil] [:w 7 53] [:w 9 54]]
2026-07-02 18:20:22,192{GMT}	INFO	[jepsen worker 3] jepsen.print: 3	:ok	:txn	[[:r 9 52] [:w 7 53] [:w 9 54]]
2026-07-02 18:20:22,194{GMT}	INFO	[jepsen worker 0] jepsen.print: 0	:invoke	:txn	[[:r 9 nil] [:w 6 55] [:rp :true nil] [:w 7 56]]
2026-07-02 18:20:22,198{GMT}	INFO	[jepsen worker 0] jepsen.print: 0	:ok	:txn	[[:r 9 54] [:w 6 55] [:rp :true {0 11, 1 10, 2 2, 3 3, 4 33, 5 5, 6 55, 7 53, 8 51, 9 54}] [:w 7 56]]
2026-07-02 18:20:22,273{GMT}	INFO	[jepsen worker 0] jepsen.print: 0	:invoke	:txn	[[:r 8 nil]]
2026-07-02 18:20:22,276{GMT}	INFO	[jepsen worker 0] jepsen.print: 0	:ok	:txn	[[:r 8 51]]
2026-07-02 18:20:22,287{GMT}	INFO	[jepsen worker 1] jepsen.print: 1	:invoke	:txn	[[:w 9 57]]
2026-07-02 18:20:22,290{GMT}	INFO	[jepsen worker 1] jepsen.print: 1	:ok	:txn	[[:w 9 57]]
2026-07-02 18:20:22,377{GMT}	INFO	[jepsen worker 2] jepsen.print: 2	:invoke	:txn	[[:r 7 nil]]
2026-07-02 18:20:22,379{GMT}	INFO	[jepsen worker 2] jepsen.print: 2	:ok	:txn	[[:r 7 56]]
2026-07-02 18:20:22,439{GMT}	INFO	[jepsen worker 3] jepsen.print: 3	:invoke	:txn	[[:w 8 58] [:rp [:mod 4 1] nil] [:rp [:mod 4 0] nil]]
2026-07-02 18:20:22,443{GMT}	INFO	[jepsen worker 3] jepsen.print: 3	:ok	:txn	[[:w 8 58] [:rp [:mod 4 1] {4 33, 5 5, 9 57}] [:rp [:mod 4 0] {7 56}]]
2026-07-02 18:20:22,449{GMT}	INFO	[jepsen worker 0] jepsen.print: 0	:invoke	:txn	[[:rp :true nil] [:rp [:= 34] nil]]
2026-07-02 18:20:22,453{GMT}	INFO	[jepsen worker 0] jepsen.print: 0	:ok	:txn	[[:rp :true {0 11, 1 10, 2 2, 3 3, 4 33, 5 5, 6 55, 7 56, 8 58, 9 57}] [:rp [:= 34] {}]]
2026-07-02 18:20:22,505{GMT}	INFO	[jepsen worker 0] jepsen.print: 0	:invoke	:txn	[[:w 9 59] [:rp [:= 5] nil]]
2026-07-02 18:20:22,509{GMT}	INFO	[jepsen worker 0] jepsen.print: 0	:ok	:txn	[[:w 9 59] [:rp [:= 5] {5 5}]]
2026-07-02 18:20:22,595{GMT}	INFO	[jepsen worker 1] jepsen.print: 1	:invoke	:txn	[[:w 8 60]]
2026-07-02 18:20:22,598{GMT}	INFO	[jepsen worker 1] jepsen.print: 1	:ok	:txn	[[:w 8 60]]
2026-07-02 18:20:22,656{GMT}	INFO	[jepsen worker 2] jepsen.print: 2	:invoke	:txn	[[:w 8 61] [:rp [:mod 4 3] nil]]
2026-07-02 18:20:22,657{GMT}	INFO	[jepsen worker 3] jepsen.print: 3	:invoke	:txn	[[:r 9 nil] [:w 8 62]]
2026-07-02 18:20:22,660{GMT}	INFO	[jepsen worker 2] jepsen.print: 2	:ok	:txn	[[:w 8 61] [:rp [:mod 4 3] {0 11, 3 3, 6 55, 9 59}]]
2026-07-02 18:20:22,660{GMT}	INFO	[jepsen worker 3] jepsen.print: 3	:ok	:txn	[[:r 9 59] [:w 8 62]]
2026-07-02 18:20:22,668{GMT}	INFO	[jepsen worker 0] jepsen.print: 0	:invoke	:txn	[[:w 8 63]]
2026-07-02 18:20:22,671{GMT}	INFO	[jepsen worker 0] jepsen.print: 0	:ok	:txn	[[:w 8 63]]
2026-07-02 18:20:22,756{GMT}	INFO	[jepsen worker 0] jepsen.print: 0	:invoke	:txn	[[:rp :true nil]]
2026-07-02 18:20:22,759{GMT}	INFO	[jepsen worker 0] jepsen.print: 0	:ok	:txn	[[:rp :true {0 11, 1 10, 2 2, 3 3, 4 33, 5 5, 6 55, 7 56, 8 63, 9 59}]]
2026-07-02 18:20:22,782{GMT}	INFO	[jepsen worker 1] jepsen.print: 1	:invoke	:txn	[[:rp [:mod 4 3] nil]]
2026-07-02 18:20:22,784{GMT}	INFO	[jepsen worker 1] jepsen.print: 1	:ok	:txn	[[:rp [:mod 4 3] {0 11, 3 3, 6 55, 8 63, 9 59}]]
2026-07-02 18:20:22,835{GMT}	INFO	[jepsen worker 2] jepsen.print: 2	:invoke	:txn	[[:rp [:mod 4 3] nil]]
2026-07-02 18:20:22,838{GMT}	INFO	[jepsen worker 2] jepsen.print: 2	:ok	:txn	[[:rp [:mod 4 3] {0 11, 3 3, 6 55, 8 63, 9 59}]]
2026-07-02 18:20:22,930{GMT}	INFO	[jepsen worker 3] jepsen.print: 3	:invoke	:txn	[[:r 9 nil] [:r 9 nil] [:r 7 nil]]
2026-07-02 18:20:22,933{GMT}	INFO	[jepsen worker 3] jepsen.print: 3	:ok	:txn	[[:r 9 59] [:r 9 59] [:r 7 56]]
2026-07-02 18:20:22,953{GMT}	INFO	[jepsen worker 0] jepsen.print: 0	:invoke	:txn	[[:w 8 64] [:r 3 nil] [:rp [:mod 4 1] nil]]
2026-07-02 18:20:22,957{GMT}	INFO	[jepsen worker 0] jepsen.print: 0	:ok	:txn	[[:w 8 64] [:r 3 3] [:rp [:mod 4 1] {4 33, 5 5}]]
2026-07-02 18:20:23,019{GMT}	INFO	[jepsen worker 0] jepsen.print: 0	:invoke	:txn	[[:w 7 65] [:r 9 nil] [:r 8 nil] [:rp [:= 49] nil]]
2026-07-02 18:20:23,023{GMT}	INFO	[jepsen worker 0] jepsen.print: 0	:ok	:txn	[[:w 7 65] [:r 9 59] [:r 8 64] [:rp [:= 49] {}]]
2026-07-02 18:20:23,029{GMT}	INFO	[jepsen worker 1] jepsen.print: 1	:invoke	:txn	[[:r 7 nil]]
2026-07-02 18:20:23,031{GMT}	INFO	[jepsen worker 1] jepsen.print: 1	:ok	:txn	[[:r 7 65]]
2026-07-02 18:20:23,113{GMT}	INFO	[jepsen worker 2] jepsen.print: 2	:invoke	:txn	[[:rp [:= 10] nil] [:r 9 nil] [:rp [:mod 4 1] nil] [:rp :true nil]]
2026-07-02 18:20:23,117{GMT}	INFO	[jepsen worker 2] jepsen.print: 2	:ok	:txn	[[:rp [:= 10] {1 10}] [:r 9 59] [:rp [:mod 4 1] {4 33, 5 5, 7 65}] [:rp :true {0 11, 1 10, 2 2, 3 3, 4 33, 5 5, 6 55, 7 65, 8 64, 9 59}]]
2026-07-02 18:20:23,170{GMT}	INFO	[jepsen worker 3] jepsen.print: 3	:invoke	:txn	[[:r 9 nil] [:w 7 66] [:r 9 nil] [:w 9 67]]
2026-07-02 18:20:23,174{GMT}	INFO	[jepsen worker 3] jepsen.print: 3	:ok	:txn	[[:r 9 59] [:w 7 66] [:r 9 59] [:w 9 67]]
2026-07-02 18:20:23,216{GMT}	INFO	[jepsen worker 0] jepsen.print: 0	:invoke	:txn	[[:w 7 68] [:rp [:mod 4 1] nil] [:rp [:= 39] nil] [:w 9 69]]
2026-07-02 18:20:23,219{GMT}	INFO	[jepsen worker 0] jepsen.print: 0	:ok	:txn	[[:w 7 68] [:rp [:mod 4 1] {4 33, 5 5}] [:rp [:= 39] {}] [:w 9 69]]
2026-07-02 18:20:23,255{GMT}	INFO	[jepsen worker 0] jepsen.print: 0	:invoke	:txn	[[:w 8 70] [:r 8 nil] [:rp :true nil] [:w 8 71]]
2026-07-02 18:20:23,259{GMT}	INFO	[jepsen worker 0] jepsen.print: 0	:ok	:txn	[[:w 8 70] [:r 8 70] [:rp :true {0 11, 1 10, 2 2, 3 3, 4 33, 5 5, 6 55, 7 68, 8 70, 9 69}] [:w 8 71]]
2026-07-02 18:20:23,283{GMT}	INFO	[jepsen worker 1] jepsen.print: 1	:invoke	:txn	[[:w 9 72]]
2026-07-02 18:20:23,286{GMT}	INFO	[jepsen worker 1] jepsen.print: 1	:ok	:txn	[[:w 9 72]]
2026-07-02 18:20:23,324{GMT}	INFO	[jepsen worker 2] jepsen.print: 2	:invoke	:txn	[[:r 8 nil]]
2026-07-02 18:20:23,326{GMT}	INFO	[jepsen worker 2] jepsen.print: 2	:ok	:txn	[[:r 8 71]]
2026-07-02 18:20:23,413{GMT}	INFO	[jepsen worker 3] jepsen.print: 3	:invoke	:txn	[[:r 9 nil] [:w 9 73] [:r 8 nil]]
2026-07-02 18:20:23,417{GMT}	INFO	[jepsen worker 3] jepsen.print: 3	:ok	:txn	[[:r 9 72] [:w 9 73] [:r 8 71]]
2026-07-02 18:20:23,424{GMT}	INFO	[jepsen worker 0] jepsen.print: 0	:invoke	:txn	[[:w 8 74]]
2026-07-02 18:20:23,426{GMT}	INFO	[jepsen worker 0] jepsen.print: 0	:ok	:txn	[[:w 8 74]]
2026-07-02 18:20:23,469{GMT}	INFO	[jepsen worker 0] jepsen.print: 0	:invoke	:txn	[[:rp [:mod 4 0] nil]]
2026-07-02 18:20:23,471{GMT}	INFO	[jepsen worker 0] jepsen.print: 0	:ok	:txn	[[:rp [:mod 4 0] {7 68}]]
2026-07-02 18:20:23,542{GMT}	INFO	[jepsen worker 1] jepsen.print: 1	:invoke	:txn	[[:rp [:= 74] nil] [:rp [:mod 4 2] nil]]
2026-07-02 18:20:23,545{GMT}	INFO	[jepsen worker 1] jepsen.print: 1	:ok	:txn	[[:rp [:= 74] {8 74}] [:rp [:mod 4 2] {1 10, 2 2, 8 74}]]
2026-07-02 18:20:23,636{GMT}	INFO	[jepsen worker 2] jepsen.print: 2	:invoke	:txn	[[:rp [:mod 4 1] nil] [:rp [:mod 4 0] nil]]
2026-07-02 18:20:23,639{GMT}	INFO	[jepsen worker 2] jepsen.print: 2	:ok	:txn	[[:rp [:mod 4 1] {4 33, 5 5, 9 73}] [:rp [:mod 4 0] {7 68}]]
2026-07-02 18:20:23,710{GMT}	INFO	[jepsen worker 3] jepsen.print: 3	:invoke	:txn	[[:w 9 75] [:w 9 76]]
2026-07-02 18:20:23,713{GMT}	INFO	[jepsen worker 0] jepsen.print: 0	:invoke	:txn	[[:r 8 nil]]
2026-07-02 18:20:23,714{GMT}	INFO	[jepsen worker 3] jepsen.print: 3	:ok	:txn	[[:w 9 75] [:w 9 76]]
2026-07-02 18:20:23,716{GMT}	INFO	[jepsen worker 0] jepsen.print: 0	:ok	:txn	[[:r 8 74]]
2026-07-02 18:20:23,759{GMT}	INFO	[jepsen worker 0] jepsen.print: 0	:invoke	:txn	[[:rp [:mod 4 3] nil] [:rp :true nil] [:rp [:= 31] nil] [:r 8 nil]]
2026-07-02 18:20:23,763{GMT}	INFO	[jepsen worker 0] jepsen.print: 0	:ok	:txn	[[:rp [:mod 4 3] {0 11, 3 3, 6 55}] [:rp :true {0 11, 1 10, 2 2, 3 3, 4 33, 5 5, 6 55, 7 68, 8 74, 9 76}] [:rp [:= 31] {}] [:r 8 74]]
2026-07-02 18:20:23,799{GMT}	INFO	[jepsen test runner] jepsen.core: Run complete, writing
2026-07-02 18:20:23,875{GMT}	INFO	[jepsen test runner] jepsen.core: Analyzing...
2026-07-02 18:20:23,999{GMT}	WARN	[clojure-agent-send-off-pool-7] jepsen.checker: Error while checking history:
java.util.concurrent.ExecutionException: java.io.IOException: Cannot run program "dot": error=2, No such file or directory
	at java.base/java.util.concurrent.FutureTask.report(FutureTask.java:122)
	at java.base/java.util.concurrent.FutureTask.get(FutureTask.java:191)
	at clojure.core$deref_future.invokeStatic(core.clj:2321)
	at clojure.core$future_call$reify__8578.deref(core.clj:7125)
	at clojure.core$deref.invokeStatic(core.clj:2341)
	at clojure.core$deref.invoke(core.clj:2327)
	at clojure.core$map$fn__5956.invoke(core.clj:2776)
	at clojure.lang.LazySeq.force(LazySeq.java:50)
	at clojure.lang.LazySeq.sval(LazySeq.java:62)
	at clojure.lang.LazySeq.unwrap(LazySeq.java:75)
	at clojure.lang.LazySeq.realize(LazySeq.java:91)
	at clojure.lang.LazySeq.seq(LazySeq.java:104)
	at clojure.lang.RT.seq(RT.java:555)
	at clojure.core$seq__5488.invokeStatic(core.clj:139)
	at clojure.core$dorun.invokeStatic(core.clj:3145)
	at clojure.core$dorun.invoke(core.clj:3145)
	at elle.viz$plot_analysis_BANG_.invokeStatic(viz.clj:217)
	at elle.viz$plot_analysis_BANG_.invoke(viz.clj:200)
	at elle.txn$cycles_BANG_.invokeStatic(txn.clj:985)
	at elle.txn$cycles_BANG_.invoke(txn.clj:965)
	at elle.closed_predicate$check.invokeStatic(closed_predicate.clj:708)
	at elle.closed_predicate$check.invoke(closed_predicate.clj:689)
	at jepsen.sql.workload.kv_predicate.ClosedPredicateChecker.check(kv_predicate.clj:401)
	at jepsen.checker$check_safe.invokeStatic(checker.clj:95)
	at jepsen.checker$check_safe.invoke(checker.clj:87)
	at jepsen.checker.Compose$fn__12829.invoke(checker.clj:106)
	at clojure.core$pmap$fn__8586$fn__8587.invoke(core.clj:7173)
	at clojure.core$binding_conveyor_fn$fn__5844.invoke(core.clj:2051)
	at clojure.lang.AFn.call(AFn.java:18)
	at java.base/java.util.concurrent.FutureTask.run(FutureTask.java:317)
	at java.base/java.util.concurrent.ThreadPoolExecutor.runWorker(ThreadPoolExecutor.java:1144)
	at java.base/java.util.concurrent.ThreadPoolExecutor$Worker.run(ThreadPoolExecutor.java:642)
	at java.base/java.lang.Thread.run(Thread.java:1575)
Caused by: java.io.IOException: Cannot run program "dot": error=2, No such file or directory
	at java.base/java.lang.ProcessBuilder.start(ProcessBuilder.java:1170)
	at java.base/java.lang.ProcessBuilder.start(ProcessBuilder.java:1089)
	at java.base/java.lang.Runtime.exec(Runtime.java:681)
	at clojure.java.shell$sh.invokeStatic(shell.clj:113)
	at clojure.java.shell$sh.doInvoke(shell.clj:79)
	at clojure.lang.RestFn.invoke(RestFn.java:460)
	at rhizome.viz$dot__GT_svg.invokeStatic(viz.clj:130)
	at rhizome.viz$dot__GT_svg.invoke(viz.clj:126)
	at elle.viz$save_dot_BANG_.invokeStatic(viz.clj:198)
	at elle.viz$save_dot_BANG_.invoke(viz.clj:188)
	at elle.viz$plot_analysis_BANG_$fn__3467$fn__3471.invoke(viz.clj:226)
	... 6 common frames omitted
Caused by: java.io.IOException: error=2, No such file or directory
	at java.base/java.lang.ProcessImpl.forkAndExec(Native Method)
	at java.base/java.lang.ProcessImpl.<init>(ProcessImpl.java:295)
	at java.base/java.lang.ProcessImpl.start(ProcessImpl.java:225)
	at java.base/java.lang.ProcessBuilder.start(ProcessBuilder.java:1126)
	... 16 common frames omitted
2026-07-02 18:20:24,059{GMT}	INFO	[jepsen test runner] jepsen.core: Analysis complete
2026-07-02 18:20:24,081{GMT}	INFO	[jepsen results] jepsen.store: Wrote /home/lc/Desktop/tpcc/log_jepsen/jepsen-kv-predicate/postgres/postgres/store/postgres kv-predicate RC (S)/20260702T182015.779+0800/results.edn
2026-07-02 18:20:24,103{GMT}	INFO	[jepsen test runner] jepsen.core: {:perf {:latency-graph {:valid? true},
        :rate-graph {:valid? true},
        :valid? true},
 :clock {:valid? true},
 :stats {:valid? true,
         :count 101,
         :ok-count 101,
         :fail-count 0,
         :info-count 0,
         :by-f {:init {:valid? true,
                       :count 1,
                       :ok-count 1,
                       :fail-count 0,
                       :info-count 0},
                :txn {:valid? true,
                      :count 100,
                      :ok-count 100,
                      :fail-count 0,
                      :info-count 0}}},
 :exceptions {:valid? true},
 :workload {:closed-predicate {:valid? :unknown,
                               :error {:via [{:type java.util.concurrent.ExecutionException,
                                              :message "java.io.IOException: Cannot run program \"dot\": error=2, No such file or directory",
                                              :at [java.util.concurrent.FutureTask
                                                   report
                                                   "FutureTask.java"
                                                   122]}
                                             {:type java.io.IOException,
                                              :message "Cannot run program \"dot\": error=2, No such file or directory",
                                              :at [java.lang.ProcessBuilder
                                                   start
                                                   "ProcessBuilder.java"
                                                   1170]}
                                             {:type java.io.IOException,
                                              :message "error=2, No such file or directory",
                                              :at [java.lang.ProcessImpl
                                                   forkAndExec
                                                   "ProcessImpl.java"
                                                   -2]}],
                                       :trace [[java.lang.ProcessImpl
                                                forkAndExec
                                                "ProcessImpl.java"
                                                -2]
                                               [java.lang.ProcessImpl
                                                <init>
                                                "ProcessImpl.java"
                                                295]
                                               [java.lang.ProcessImpl
                                                start
                                                "ProcessImpl.java"
                                                225]
                                               [java.lang.ProcessBuilder
                                                start
                                                "ProcessBuilder.java"
                                                1126]
                                               [java.lang.ProcessBuilder
                                                start
                                                "ProcessBuilder.java"
                                                1089]
                                               [java.lang.Runtime
                                                exec
                                                "Runtime.java"
                                                681]
                                               [clojure.java.shell$sh
                                                invokeStatic
                                                "shell.clj"
                                                113]
                                               [clojure.java.shell$sh
                                                doInvoke
                                                "shell.clj"
                                                79]
                                               [clojure.lang.RestFn
                                                invoke
                                                "RestFn.java"
                                                460]
                                               [rhizome.viz$dot__GT_svg
                                                invokeStatic
                                                "viz.clj"
                                                130]
                                               [rhizome.viz$dot__GT_svg
                                                invoke
                                                "viz.clj"
                                                126]
                                               [elle.viz$save_dot_BANG_
                                                invokeStatic
                                                "viz.clj"
                                                198]
                                               [elle.viz$save_dot_BANG_
                                                invoke
                                                "viz.clj"
                                                188]
                                               [elle.viz$plot_analysis_BANG_$fn__3467$fn__3471
                                                invoke
                                                "viz.clj"
                                                226]
                                               [clojure.core$binding_conveyor_fn$fn__5844
                                                invoke
                                                "core.clj"
                                                2051]
                                               [clojure.lang.AFn
                                                call
                                                "AFn.java"
                                                18]
                                               [java.util.concurrent.FutureTask
                                                run
                                                "FutureTask.java"
                                                317]
                                               [java.util.concurrent.ThreadPoolExecutor
                                                runWorker
                                                "ThreadPoolExecutor.java"
                                                1144]
                                               [java.util.concurrent.ThreadPoolExecutor$Worker
                                                run
                                                "ThreadPoolExecutor.java"
                                                642]
                                               [java.lang.Thread
                                                run
                                                "Thread.java"
                                                1575]],
                                       :cause "error=2, No such file or directory"}},
            :critical {:valid? true, :error-types (), :errors {}},
            :missing-table-column {:valid? true,
                                   :error-types nil,
                                   :errors {}},
            :valid? :unknown},
 :valid? :unknown}


Errors occurred during analysis, but no anomalies found. ಠ~ಠ
